{"level":"info","message":"back server running","timestamp":"2023-02-04T19:11:18.567Z"}
{"level":"info","message":"Connected to MongoDB","timestamp":"2023-02-04T19:11:19.680Z"}
{"level":"info","message":"back server running","timestamp":"2023-02-04T21:01:46.056Z"}
{"level":"info","message":"Connected to MongoDB","timestamp":"2023-02-04T21:01:47.236Z"}
{"level":"info","message":"back server running","timestamp":"2023-02-04T21:03:38.285Z"}
{"level":"info","message":"Connected to MongoDB","timestamp":"2023-02-04T21:03:39.461Z"}
{"level":"error","timestamp":"2023-02-04T21:03:50.518Z"}
{"level":"info","message":"back server running","timestamp":"2023-02-04T21:04:58.411Z"}
{"level":"info","message":"Connected to MongoDB","timestamp":"2023-02-04T21:04:59.744Z"}
{"level":"info","message":"back server running","timestamp":"2023-02-04T21:41:12.615Z"}
{"level":"info","message":"Connected to MongoDB","timestamp":"2023-02-04T21:41:13.860Z"}
{"level":"info","message":"back server running","timestamp":"2023-02-04T21:43:09.135Z"}
{"level":"info","message":"Connected to MongoDB","timestamp":"2023-02-04T21:43:10.261Z"}
{"level":"info","message":"back server running","timestamp":"2023-02-04T21:46:24.832Z"}
{"level":"info","message":"Connected to MongoDB","timestamp":"2023-02-04T21:46:25.985Z"}
{"level":"info","message":"back server running","timestamp":"2023-02-04T21:47:50.189Z"}
{"level":"info","message":"Connected to MongoDB","timestamp":"2023-02-04T21:47:51.377Z"}
{"level":"info","message":"back server running","timestamp":"2023-02-04T21:54:48.878Z"}
{"level":"info","message":"Connected to MongoDB","timestamp":"2023-02-04T21:54:50.081Z"}
{"level":"info","message":"back server running","timestamp":"2023-02-04T21:55:32.759Z"}
{"level":"info","message":"Connected to MongoDB","timestamp":"2023-02-04T21:55:33.927Z"}
{"level":"info","message":"back server running","timestamp":"2023-02-04T21:58:28.768Z"}
{"level":"info","message":"Connected to MongoDB","timestamp":"2023-02-04T21:58:29.950Z"}
{"level":"info","message":"back server running","timestamp":"2023-02-04T21:59:43.505Z"}
{"level":"info","message":"Connected to MongoDB","timestamp":"2023-02-04T21:59:44.663Z"}
{"level":"info","message":"back server running","timestamp":"2023-02-05T08:44:29.417Z"}
{"level":"info","message":"Connected to MongoDB","timestamp":"2023-02-05T08:44:30.996Z"}
{"level":"info","message":"back server running","timestamp":"2023-02-05T08:45:59.470Z"}
{"level":"info","message":"Connected to MongoDB","timestamp":"2023-02-05T08:46:00.620Z"}
{"level":"info","message":"back server running","timestamp":"2023-02-05T08:47:13.973Z"}
{"level":"info","message":"Connected to MongoDB","timestamp":"2023-02-05T08:47:15.428Z"}
{"level":"info","message":"back server running","timestamp":"2023-02-05T08:52:27.995Z"}
{"level":"info","message":"Connected to MongoDB","timestamp":"2023-02-05T08:52:29.190Z"}
{"level":"info","message":"back server running","timestamp":"2023-02-05T09:38:30.022Z"}
{"level":"info","message":"Connected to MongoDB","timestamp":"2023-02-05T09:38:31.191Z"}
{"level":"info","message":"back server running","timestamp":"2023-02-05T17:06:43.517Z"}
{"level":"info","message":"Connected to MongoDB","timestamp":"2023-02-05T17:06:44.665Z"}
{"level":"info","message":"back server running","timestamp":"2023-02-19T14:22:03.665Z"}
{"level":"info","message":"Connected to MongoDB","timestamp":"2023-02-19T14:22:07.675Z"}
{"level":"info","message":"back server running","timestamp":"2023-02-19T14:38:19.905Z"}
{"level":"info","message":"Connected to MongoDB","timestamp":"2023-02-19T14:38:21.449Z"}
{"level":"info","message":"back server running","timestamp":"2023-02-19T14:39:12.516Z"}
{"level":"info","message":"Connected to MongoDB","timestamp":"2023-02-19T14:39:45.439Z"}
{"level":"info","message":"back server running","timestamp":"2023-02-19T14:45:42.957Z"}
{"level":"info","message":"Connected to MongoDB","timestamp":"2023-02-19T14:45:44.298Z"}
{"level":"info","message":"back server running","timestamp":"2023-02-19T14:54:03.550Z"}
{"level":"info","message":"Connected to MongoDB","timestamp":"2023-02-19T14:54:04.714Z"}
{"level":"info","message":"back server running","timestamp":"2023-02-19T14:55:25.602Z"}
{"level":"info","message":"Connected to MongoDB","timestamp":"2023-02-19T14:55:57.720Z"}
{"level":"info","message":"back server running","timestamp":"2023-02-19T15:04:01.444Z"}
{"level":"info","message":"Connected to MongoDB","timestamp":"2023-02-19T15:04:03.225Z"}
{"level":"info","message":"back server running","timestamp":"2023-02-19T15:04:32.319Z"}
{"level":"info","message":"Connected to MongoDB","timestamp":"2023-02-19T15:04:33.582Z"}
{"level":"info","message":"back server running","timestamp":"2023-02-19T15:05:02.916Z"}
{"level":"info","message":"Connected to MongoDB","timestamp":"2023-02-19T15:06:35.125Z"}
{"level":"info","message":"back server running","timestamp":"2023-02-19T15:20:40.427Z"}
{"level":"info","message":"Connected to MongoDB","timestamp":"2023-02-19T15:20:41.639Z"}
{"level":"info","message":"back server running","timestamp":"2023-02-19T15:27:19.075Z"}
{"level":"info","message":"Connected to MongoDB","timestamp":"2023-02-19T15:27:20.667Z"}
{"level":"info","message":"back server running","timestamp":"2023-02-19T15:29:34.895Z"}
{"level":"info","message":"Connected to MongoDB","timestamp":"2023-02-19T15:29:36.166Z"}
{"level":"info","message":"back server running","timestamp":"2023-02-19T15:33:06.081Z"}
{"level":"info","message":"Connected to MongoDB","timestamp":"2023-02-19T15:34:08.160Z"}
{"level":"info","message":"back server running","timestamp":"2023-02-19T15:40:23.115Z"}
{"level":"info","message":"Connected to MongoDB","timestamp":"2023-02-19T15:40:54.578Z"}
{"level":"info","message":"back server running","timestamp":"2023-02-19T15:42:26.911Z"}
{"level":"info","message":"Connected to MongoDB","timestamp":"2023-02-19T15:42:28.433Z"}
{"level":"info","message":"back server running","timestamp":"2023-02-19T15:42:48.686Z"}
{"level":"info","message":"Connected to MongoDB","timestamp":"2023-02-19T15:42:50.645Z"}
{"level":"info","message":"back server running","timestamp":"2023-02-19T15:44:56.030Z"}
{"level":"info","message":"Connected to MongoDB","timestamp":"2023-02-19T15:44:57.524Z"}
{"level":"info","message":"back server running","timestamp":"2023-02-19T16:02:32.420Z"}
{"level":"info","message":"Connected to MongoDB","timestamp":"2023-02-19T16:03:03.944Z"}
{"level":"info","message":"back server running","timestamp":"2023-02-19T19:35:51.528Z"}
{"level":"info","message":"Connected to MongoDB","timestamp":"2023-02-19T19:35:52.839Z"}
{"level":"info","message":"back server running","timestamp":"2023-02-19T19:49:49.860Z"}
{"level":"info","message":"Connected to MongoDB","timestamp":"2023-02-19T19:49:51.265Z"}
{"level":"info","message":"back server running","timestamp":"2023-02-19T19:53:10.434Z"}
{"level":"info","message":"Connected to MongoDB","timestamp":"2023-02-19T19:53:11.777Z"}
{"level":"info","message":"back server running","timestamp":"2023-02-19T20:15:21.602Z"}
{"level":"info","message":"Connected to MongoDB","timestamp":"2023-02-19T20:15:53.521Z"}
{"level":"info","message":"back server running","timestamp":"2023-02-19T20:16:22.037Z"}
{"level":"info","message":"Connected to MongoDB","timestamp":"2023-02-19T20:16:23.319Z"}
{"level":"info","message":"back server running","timestamp":"2023-02-19T20:17:42.209Z"}
{"level":"info","message":"Connected to MongoDB","timestamp":"2023-02-19T20:17:43.550Z"}
{"level":"info","message":"back server running","timestamp":"2023-02-19T20:24:54.915Z"}
{"level":"info","message":"Connected to MongoDB","timestamp":"2023-02-19T20:24:56.096Z"}
{"level":"info","message":"back server running","timestamp":"2023-02-19T20:25:43.117Z"}
{"level":"info","message":"Connected to MongoDB","timestamp":"2023-02-19T20:25:44.436Z"}
{"level":"info","message":"back server running","timestamp":"2023-02-19T20:27:11.948Z"}
{"level":"info","message":"Connected to MongoDB","timestamp":"2023-02-19T20:27:13.127Z"}
{"level":"info","message":"back server running","timestamp":"2023-02-19T20:27:41.836Z"}
{"level":"info","message":"Connected to MongoDB","timestamp":"2023-02-19T20:28:43.761Z"}
{"level":"info","message":"back server running","timestamp":"2023-02-19T20:29:21.413Z"}
{"level":"info","message":"Connected to MongoDB","timestamp":"2023-02-19T20:29:22.633Z"}
{"level":"info","message":"back server running","timestamp":"2023-02-19T20:29:54.456Z"}
{"level":"info","message":"Connected to MongoDB","timestamp":"2023-02-19T20:29:55.771Z"}
{"level":"info","message":"back server running","timestamp":"2023-02-19T20:34:54.259Z"}
{"level":"info","message":"Connected to MongoDB","timestamp":"2023-02-19T20:34:55.573Z"}
{"level":"info","message":"back server running","timestamp":"2023-02-19T20:36:42.920Z"}
{"level":"info","message":"Connected to MongoDB","timestamp":"2023-02-19T20:36:44.256Z"}
{"level":"info","message":"back server running","timestamp":"2023-02-19T21:10:28.842Z"}
{"level":"info","message":"Connected to MongoDB","timestamp":"2023-02-19T21:10:30.141Z"}
{"level":"info","message":"back server running","timestamp":"2023-02-19T21:11:01.193Z"}
{"level":"info","message":"Connected to MongoDB","timestamp":"2023-02-19T21:11:02.534Z"}
{"level":"info","message":"back server running","timestamp":"2023-02-19T21:19:46.869Z"}
{"level":"info","message":"Connected to MongoDB","timestamp":"2023-02-19T21:19:48.177Z"}
{"level":"info","message":"back server running","timestamp":"2023-02-21T09:31:42.653Z"}
{"level":"info","message":"Connected to MongoDB","timestamp":"2023-02-21T09:31:43.826Z"}
{"level":"info","message":"back server running","timestamp":"2023-02-21T09:34:35.958Z"}
{"level":"info","message":"Connected to MongoDB","timestamp":"2023-02-21T09:34:37.120Z"}
{"level":"info","message":"back server running","timestamp":"2023-02-21T09:37:47.121Z"}
{"level":"info","message":"Connected to MongoDB","timestamp":"2023-02-21T09:37:48.328Z"}
{"level":"info","message":"back server running","timestamp":"2023-02-21T09:52:53.383Z"}
{"level":"info","message":"Connected to MongoDB","timestamp":"2023-02-21T09:52:54.546Z"}
{"level":"info","message":"back server running","timestamp":"2023-02-21T09:54:59.355Z"}
{"level":"info","message":"Connected to MongoDB","timestamp":"2023-02-21T09:55:00.517Z"}
{"level":"info","message":"back server running","timestamp":"2023-02-21T09:56:47.103Z"}
{"level":"info","message":"Connected to MongoDB","timestamp":"2023-02-21T09:56:48.234Z"}
{"level":"info","message":"back server running","timestamp":"2023-02-21T10:25:01.110Z"}
{"level":"info","message":"Connected to MongoDB","timestamp":"2023-02-21T10:25:02.363Z"}
{"level":"info","message":"back server running","timestamp":"2023-02-21T10:26:14.657Z"}
{"level":"info","message":"Connected to MongoDB","timestamp":"2023-02-21T10:26:15.849Z"}
{"level":"info","message":"back server running","timestamp":"2023-02-21T10:26:52.492Z"}
{"level":"info","message":"Connected to MongoDB","timestamp":"2023-02-21T10:26:53.678Z"}
{"level":"info","message":"back server running","timestamp":"2023-02-21T10:38:34.108Z"}
{"level":"info","message":"Connected to MongoDB","timestamp":"2023-02-21T10:38:35.308Z"}
{"level":"info","message":"back server running","timestamp":"2023-02-21T10:44:23.799Z"}
{"level":"info","message":"Connected to MongoDB","timestamp":"2023-02-21T10:44:25.005Z"}
{"level":"info","message":"back server running","timestamp":"2023-02-21T10:44:30.810Z"}
{"level":"info","message":"Connected to MongoDB","timestamp":"2023-02-21T10:44:31.947Z"}
{"level":"info","message":"back server running","timestamp":"2023-02-21T10:50:02.544Z"}
{"level":"info","message":"Connected to MongoDB","timestamp":"2023-02-21T10:50:03.709Z"}
{"level":"info","message":"back server running","timestamp":"2023-02-21T10:50:43.933Z"}
{"level":"info","message":"Connected to MongoDB","timestamp":"2023-02-21T10:50:45.084Z"}
{"level":"info","message":"back server running","timestamp":"2023-02-21T10:51:23.134Z"}
{"level":"info","message":"Connected to MongoDB","timestamp":"2023-02-21T10:51:24.337Z"}
{"level":"info","message":"back server running","timestamp":"2023-02-21T10:56:07.452Z"}
{"level":"info","message":"Connected to MongoDB","timestamp":"2023-02-21T10:56:08.946Z"}
{"level":"info","message":"back server running","timestamp":"2023-02-21T11:06:10.838Z"}
{"level":"info","message":"Connected to MongoDB","timestamp":"2023-02-21T11:06:11.982Z"}
{"level":"info","message":"back server running","timestamp":"2023-02-21T11:07:17.868Z"}
{"level":"info","message":"Connected to MongoDB","timestamp":"2023-02-21T11:07:19.009Z"}
{"level":"info","message":"back server running","timestamp":"2023-02-21T11:08:33.978Z"}
{"level":"info","message":"Connected to MongoDB","timestamp":"2023-02-21T11:08:35.132Z"}
{"level":"info","message":"back server running","timestamp":"2023-02-21T11:09:22.292Z"}
{"level":"info","message":"Connected to MongoDB","timestamp":"2023-02-21T11:09:23.484Z"}
{"level":"info","message":"back server running","timestamp":"2023-02-21T11:16:08.507Z"}
{"level":"info","message":"Connected to MongoDB","timestamp":"2023-02-21T11:16:09.669Z"}
{"level":"info","message":"back server running","timestamp":"2023-02-21T11:16:39.472Z"}
{"level":"info","message":"Connected to MongoDB","timestamp":"2023-02-21T11:16:40.681Z"}
{"level":"info","message":"back server running","timestamp":"2023-02-21T11:17:10.123Z"}
{"level":"info","message":"Connected to MongoDB","timestamp":"2023-02-21T11:17:11.282Z"}
{"level":"info","message":"back server running","timestamp":"2023-02-21T11:18:25.297Z"}
{"level":"info","message":"Connected to MongoDB","timestamp":"2023-02-21T11:18:26.500Z"}
{"level":"info","message":"back server running","timestamp":"2023-02-21T11:19:51.421Z"}
{"level":"info","message":"Connected to MongoDB","timestamp":"2023-02-21T11:19:52.623Z"}
{"level":"info","message":"back server running","timestamp":"2023-02-21T11:21:27.421Z"}
{"level":"info","message":"Connected to MongoDB","timestamp":"2023-02-21T11:21:28.557Z"}
{"level":"info","message":"back server running","timestamp":"2023-02-21T11:22:08.871Z"}
{"level":"info","message":"Connected to MongoDB","timestamp":"2023-02-21T11:22:10.070Z"}
{"level":"info","message":"back server running","timestamp":"2023-02-21T11:22:42.501Z"}
{"level":"info","message":"Connected to MongoDB","timestamp":"2023-02-21T11:22:43.644Z"}
{"level":"info","message":"back server running","timestamp":"2023-02-21T11:34:49.892Z"}
{"level":"info","message":"Connected to MongoDB","timestamp":"2023-02-21T11:34:51.043Z"}
{"level":"info","message":"back server running","timestamp":"2023-02-21T11:39:53.963Z"}
{"level":"info","message":"Connected to MongoDB","timestamp":"2023-02-21T11:39:55.119Z"}
{"level":"info","message":"back server running","timestamp":"2023-02-21T12:17:27.235Z"}
{"level":"info","message":"Connected to MongoDB","timestamp":"2023-02-21T12:17:29.474Z"}
{"level":"info","message":"back server running","timestamp":"2023-02-21T12:53:21.904Z"}
{"level":"info","message":"Connected to MongoDB","timestamp":"2023-02-21T12:53:23.087Z"}
{"level":"info","message":"back server running","timestamp":"2023-02-21T12:55:15.448Z"}
{"level":"info","message":"Connected to MongoDB","timestamp":"2023-02-21T12:55:16.650Z"}
{"level":"info","message":"back server running","timestamp":"2023-02-21T12:56:40.565Z"}
{"level":"info","message":"Connected to MongoDB","timestamp":"2023-02-21T12:56:41.769Z"}
{"level":"info","message":"back server running","timestamp":"2023-02-21T12:58:15.557Z"}
{"level":"info","message":"Connected to MongoDB","timestamp":"2023-02-21T12:58:16.725Z"}
{"level":"info","message":"back server running","timestamp":"2023-02-21T13:05:07.255Z"}
{"level":"info","message":"Connected to MongoDB","timestamp":"2023-02-21T13:05:08.423Z"}
{"level":"info","message":"back server running","timestamp":"2023-02-21T13:06:03.471Z"}
{"level":"info","message":"Connected to MongoDB","timestamp":"2023-02-21T13:06:04.641Z"}
{"level":"info","message":"back server running","timestamp":"2023-02-21T13:39:30.003Z"}
{"level":"info","message":"back server running","timestamp":"2023-02-21T13:39:31.536Z"}
{"level":"info","message":"Connected to MongoDB","timestamp":"2023-02-21T13:39:32.717Z"}
{"level":"info","message":"back server running","timestamp":"2023-02-21T13:40:41.980Z"}
{"level":"info","message":"Connected to MongoDB","timestamp":"2023-02-21T13:40:43.173Z"}
{"level":"info","message":"back server running","timestamp":"2023-02-21T13:41:48.950Z"}
{"level":"info","message":"Connected to MongoDB","timestamp":"2023-02-21T13:41:50.077Z"}
{"level":"info","message":"back server running","timestamp":"2023-02-21T13:44:39.789Z"}
{"level":"info","message":"Connected to MongoDB","timestamp":"2023-02-21T13:44:41.005Z"}
{"level":"info","message":"back server running","timestamp":"2023-02-21T14:00:58.756Z"}
{"level":"info","message":"Connected to MongoDB","timestamp":"2023-02-21T14:00:59.947Z"}
{"level":"info","message":"back server running","timestamp":"2023-02-21T14:05:22.385Z"}
{"level":"info","message":"Connected to MongoDB","timestamp":"2023-02-21T14:05:23.603Z"}
{"level":"info","message":"back server running","timestamp":"2023-02-21T14:07:11.385Z"}
{"level":"info","message":"Connected to MongoDB","timestamp":"2023-02-21T14:07:12.556Z"}
{"level":"info","message":"back server running","timestamp":"2023-02-21T15:30:09.857Z"}
{"level":"info","message":"Connected to MongoDB","timestamp":"2023-02-21T15:30:11.354Z"}
{"level":"info","message":"back server running","timestamp":"2023-02-21T15:30:47.181Z"}
{"level":"info","message":"Connected to MongoDB","timestamp":"2023-02-21T15:30:48.389Z"}
{"level":"info","message":"back server running","timestamp":"2023-02-21T15:33:55.432Z"}
{"level":"info","message":"Connected to MongoDB","timestamp":"2023-02-21T15:33:56.597Z"}
{"level":"info","message":"back server running","timestamp":"2023-02-21T15:34:10.516Z"}
{"level":"info","message":"Connected to MongoDB","timestamp":"2023-02-21T15:34:11.653Z"}
{"code":"ERR_HTTP_HEADERS_SENT","level":"error","timestamp":"2023-02-21T15:34:19.600Z"}
{"level":"info","message":"back server running","timestamp":"2023-02-21T15:35:30.063Z"}
{"level":"info","message":"Connected to MongoDB","timestamp":"2023-02-21T15:35:31.322Z"}
{"code":"ERR_HTTP_HEADERS_SENT","level":"error","timestamp":"2023-02-21T15:35:37.305Z"}
{"level":"info","message":"back server running","timestamp":"2023-02-21T15:37:31.001Z"}
{"level":"info","message":"Connected to MongoDB","timestamp":"2023-02-21T15:37:32.145Z"}
{"level":"error","timestamp":"2023-02-21T15:39:06.992Z"}
{"level":"error","timestamp":"2023-02-21T15:39:08.235Z"}
{"level":"error","timestamp":"2023-02-21T15:39:09.112Z"}
{"level":"error","timestamp":"2023-02-21T15:39:10.022Z"}
{"level":"error","timestamp":"2023-02-21T15:39:11.161Z"}
{"level":"info","message":"back server running","timestamp":"2023-02-21T15:41:33.152Z"}
{"level":"info","message":"Connected to MongoDB","timestamp":"2023-02-21T15:41:34.292Z"}
{"level":"error","timestamp":"2023-02-21T15:41:41.823Z"}
{"level":"info","message":"back server running","timestamp":"2023-02-21T15:42:36.244Z"}
{"level":"info","message":"Connected to MongoDB","timestamp":"2023-02-21T15:42:37.424Z"}
{"level":"error","timestamp":"2023-02-21T15:42:42.244Z"}
{"level":"info","message":"back server running","timestamp":"2023-02-21T15:44:04.214Z"}
{"level":"info","message":"Connected to MongoDB","timestamp":"2023-02-21T15:44:05.352Z"}
{"level":"error","timestamp":"2023-02-21T15:44:10.352Z"}
{"level":"info","message":"back server running","timestamp":"2023-02-21T15:45:12.007Z"}
{"level":"info","message":"Connected to MongoDB","timestamp":"2023-02-21T15:45:13.141Z"}
{"level":"error","timestamp":"2023-02-21T15:45:18.288Z"}
{"level":"info","message":"back server running","timestamp":"2023-02-21T15:45:43.271Z"}
{"level":"info","message":"Connected to MongoDB","timestamp":"2023-02-21T15:45:44.415Z"}
{"level":"error","timestamp":"2023-02-21T15:45:49.836Z"}
{"level":"info","message":"back server running","timestamp":"2023-02-21T15:47:37.740Z"}
{"level":"info","message":"Connected to MongoDB","timestamp":"2023-02-21T15:47:38.923Z"}
{"level":"error","timestamp":"2023-02-21T15:47:41.336Z"}
{"level":"info","message":"back server running","timestamp":"2023-02-21T15:49:24.615Z"}
{"level":"info","message":"Connected to MongoDB","timestamp":"2023-02-21T15:49:25.774Z"}
{"level":"info","message":"back server running","timestamp":"2023-02-21T15:49:47.198Z"}
{"level":"info","message":"Connected to MongoDB","timestamp":"2023-02-21T15:49:48.384Z"}
{"level":"info","message":"email: hiv4@dfdfkld.com: attempts 0","timestamp":"2023-02-21T15:49:59.182Z"}
{"level":"error","timestamp":"2023-02-21T15:49:59.240Z"}
{"level":"info","message":"back server running","timestamp":"2023-02-21T15:50:48.719Z"}
{"level":"info","message":"Connected to MongoDB","timestamp":"2023-02-21T15:50:49.873Z"}
{"level":"info","message":"email: hiv4@dfdfkld.com: attempts 0","timestamp":"2023-02-21T15:50:52.602Z"}
{"level":"error","timestamp":"2023-02-21T15:50:52.661Z"}
{"level":"info","message":"back server running","timestamp":"2023-02-21T15:51:46.711Z"}
{"level":"info","message":"Connected to MongoDB","timestamp":"2023-02-21T15:51:47.915Z"}
{"level":"info","message":"email: hiv4@dfdfkld.com: attempts 0","timestamp":"2023-02-21T15:51:50.673Z"}
{"level":"error","timestamp":"2023-02-21T15:51:50.732Z"}
{"level":"info","message":"back server running","timestamp":"2023-02-21T15:52:53.666Z"}
{"level":"info","message":"back server running","timestamp":"2023-02-21T15:52:54.680Z"}
{"level":"info","message":"Connected to MongoDB","timestamp":"2023-02-21T15:52:55.876Z"}
{"level":"info","message":"email: hiv4@dfdfkld.com: attempts 0","timestamp":"2023-02-21T15:53:02.340Z"}
{"level":"error","timestamp":"2023-02-21T15:53:02.399Z"}
{"level":"info","message":"back server running","timestamp":"2023-02-21T15:54:43.133Z"}
{"level":"info","message":"Connected to MongoDB","timestamp":"2023-02-21T15:54:44.365Z"}
{"level":"info","message":"email: hiv4@dfdfkld.com: attempts 0","timestamp":"2023-02-21T15:54:49.316Z"}
{"level":"error","timestamp":"2023-02-21T15:54:49.377Z"}
{"level":"info","message":"back server running","timestamp":"2023-02-21T15:55:56.235Z"}
{"level":"info","message":"Connected to MongoDB","timestamp":"2023-02-21T15:55:57.458Z"}
{"level":"info","message":"back server running","timestamp":"2023-02-21T15:56:18.621Z"}
{"level":"info","message":"Connected to MongoDB","timestamp":"2023-02-21T15:56:19.823Z"}
{"level":"info","message":"email: hiv4@dfdfkld.com: attempts 0","timestamp":"2023-02-21T15:56:22.655Z"}
{"level":"error","timestamp":"2023-02-21T15:56:22.714Z"}
{"level":"info","message":"back server running","timestamp":"2023-02-21T15:57:03.201Z"}
{"level":"info","message":"Connected to MongoDB","timestamp":"2023-02-21T15:57:04.348Z"}
{"level":"info","message":"email: hiv4@dfdfkld.com: attempts 0","timestamp":"2023-02-21T15:57:07.315Z"}
{"level":"info","message":"back server running","timestamp":"2023-02-21T16:03:27.304Z"}
{"level":"info","message":"Connected to MongoDB","timestamp":"2023-02-21T16:03:28.474Z"}
{"level":"info","message":"email: hiv4@dfdfkld.com: attempts 0","timestamp":"2023-02-21T16:03:36.608Z"}
{"level":"info","message":"email: hiv4@dfdfkld.com: attempts 1","timestamp":"2023-02-21T16:03:36.801Z"}
{"level":"info","message":"email: hiv4@dfdfkld.com: attempts 1","timestamp":"2023-02-21T16:04:23.891Z"}
{"level":"info","message":"email: hiv4@dfdfkld.com: attempts 2","timestamp":"2023-02-21T16:04:24.067Z"}
{"level":"info","message":"back server running","timestamp":"2023-02-21T16:05:59.754Z"}
{"level":"info","message":"Connected to MongoDB","timestamp":"2023-02-21T16:06:00.939Z"}
{"level":"info","message":"email: hiv4@dfdfkld.com: attempts 2","timestamp":"2023-02-21T16:06:04.285Z"}
{"level":"info","message":"email: hiv4@dfdfkld.com: attempts 3","timestamp":"2023-02-21T16:06:04.480Z"}
{"level":"info","message":"back server running","timestamp":"2023-02-21T16:07:11.654Z"}
{"level":"info","message":"Connected to MongoDB","timestamp":"2023-02-21T16:07:12.856Z"}
{"level":"info","message":"back server running","timestamp":"2023-02-21T16:07:24.985Z"}
{"level":"info","message":"Connected to MongoDB","timestamp":"2023-02-21T16:07:26.179Z"}
{"level":"info","message":"email: hiv4@dfdfkld.com: attempts 3","timestamp":"2023-02-21T16:07:31.558Z"}
{"level":"info","message":"email: hiv4@dfdfkld.com: attempts 4","timestamp":"2023-02-21T16:07:31.752Z"}
{"level":"info","message":"back server running","timestamp":"2023-02-21T16:07:56.845Z"}
{"level":"info","message":"Connected to MongoDB","timestamp":"2023-02-21T16:07:58.045Z"}
{"level":"info","message":"email: hiv4@dfdfkld.com: attempts 4","timestamp":"2023-02-21T16:08:02.161Z"}
{"level":"error","timestamp":"2023-02-21T16:08:02.161Z"}
{"level":"info","message":"email: hiv4@dfdfkld.com: attempts 0","timestamp":"2023-02-21T16:10:07.082Z"}
{"level":"info","message":"email: hiv4@dfdfkld.com: attempts 1","timestamp":"2023-02-21T16:10:07.276Z"}
{"level":"info","message":"back server running","timestamp":"2023-02-21T16:15:21.910Z"}
{"level":"info","message":"Connected to MongoDB","timestamp":"2023-02-21T16:15:23.074Z"}
{"level":"info","message":"email: hiv4@dfdfkld.com: attempts 1","timestamp":"2023-02-21T16:15:26.957Z"}
{"level":"info","message":"email: hiv4@dfdfkld.com: attempts 2","timestamp":"2023-02-21T16:15:27.136Z"}
{"level":"info","message":"email: hiv4@dfdfkld.com: attempts 2","timestamp":"2023-02-21T16:15:32.010Z"}
{"level":"info","message":"email: hiv4@dfdfkld.com: attempts 3","timestamp":"2023-02-21T16:15:32.187Z"}
{"level":"info","message":"email: hiv4@dfdfkld.com: attempts 3","timestamp":"2023-02-21T16:15:33.401Z"}
{"level":"info","message":"email: hiv4@dfdfkld.com: attempts 4","timestamp":"2023-02-21T16:15:33.575Z"}
{"level":"error","timestamp":"2023-02-21T16:15:33.575Z"}
{"level":"info","message":"back server running","timestamp":"2023-02-21T16:17:35.503Z"}
{"level":"info","message":"Connected to MongoDB","timestamp":"2023-02-21T16:17:36.716Z"}
{"level":"info","message":"back server running","timestamp":"2023-02-21T16:17:44.131Z"}
{"level":"info","message":"Connected to MongoDB","timestamp":"2023-02-21T16:17:45.314Z"}
{"level":"info","message":"email: hiv4@dfdfkld.com: attempts 4","timestamp":"2023-02-21T16:17:49.443Z"}
{"level":"error","timestamp":"2023-02-21T16:17:49.444Z"}
{"level":"info","message":"back server running","timestamp":"2023-02-21T16:18:16.909Z"}
{"level":"info","message":"Connected to MongoDB","timestamp":"2023-02-21T16:18:18.078Z"}
{"level":"info","message":"email: hiv4@dfdfkld.com: attempts 4","timestamp":"2023-02-21T16:18:20.110Z"}
{"level":"error","timestamp":"2023-02-21T16:18:20.111Z"}
{"level":"info","message":"back server running","timestamp":"2023-02-21T16:18:47.802Z"}
{"level":"info","message":"Connected to MongoDB","timestamp":"2023-02-21T16:18:48.999Z"}
{"level":"info","message":"email: hiv4@dfdfkld.com: attempts 4","timestamp":"2023-02-21T16:18:59.533Z"}
{"level":"error","timestamp":"2023-02-21T16:18:59.535Z"}
{"level":"info","message":"back server running","timestamp":"2023-02-21T16:19:15.149Z"}
{"level":"info","message":"Connected to MongoDB","timestamp":"2023-02-21T16:19:16.286Z"}
{"level":"info","message":"email: hiv4@dfdfkld.com: attempts 4","timestamp":"2023-02-21T16:19:19.332Z"}
{"level":"info","message":"back server running","timestamp":"2023-02-21T16:20:10.585Z"}
{"level":"info","message":"Connected to MongoDB","timestamp":"2023-02-21T16:20:11.736Z"}
{"level":"info","message":"email: hiv4@dfdfkld.com: attempts 4","timestamp":"2023-02-21T16:20:16.265Z"}
{"level":"info","message":"email: hiv4@dfdfkld.com: attempts 4","timestamp":"2023-02-21T16:20:38.751Z"}
{"level":"info","message":"email: hiv4@dfdfkld.com: attempts 4","timestamp":"2023-02-21T16:21:24.860Z"}
{"level":"info","message":"email: hiv4@dfdfkld.com: attempts 4","timestamp":"2023-02-21T16:21:39.934Z"}
{"level":"info","message":"email: hiv4@dfdfkld.com: attempts 4","timestamp":"2023-02-21T16:24:56.017Z"}
{"level":"info","message":"back server running","timestamp":"2023-02-21T16:26:46.776Z"}
{"level":"info","message":"Connected to MongoDB","timestamp":"2023-02-21T16:26:47.962Z"}
{"level":"info","message":"email: hiv4@dfdfkld.com: attempts 4","timestamp":"2023-02-21T16:26:49.954Z"}
{"level":"info","message":"back server running","timestamp":"2023-02-21T16:28:54.287Z"}
{"level":"info","message":"Connected to MongoDB","timestamp":"2023-02-21T16:28:55.504Z"}
{"level":"info","message":"email: hiv4@dfdfkld.com: attempts 4","timestamp":"2023-02-21T16:28:57.898Z"}
{"level":"info","message":"back server running","timestamp":"2023-02-21T16:29:33.522Z"}
{"level":"info","message":"back server running","timestamp":"2023-02-21T16:29:35.232Z"}
{"level":"info","message":"Connected to MongoDB","timestamp":"2023-02-21T16:29:36.371Z"}
{"level":"info","message":"email: hiv4@dfdfkld.com: attempts 4","timestamp":"2023-02-21T16:29:38.610Z"}
{"level":"info","message":"email: hiv4@dfdfkld.com: attempts 0","timestamp":"2023-02-21T16:29:57.187Z"}
{"level":"info","message":"email: hiv4@dfdfkld.com: attempts 1","timestamp":"2023-02-21T16:29:57.362Z"}
{"level":"info","message":"back server running","timestamp":"2023-02-21T16:30:13.122Z"}
{"level":"info","message":"Connected to MongoDB","timestamp":"2023-02-21T16:30:14.338Z"}
{"level":"info","message":"email: hiv4@dfdfkld.com: attempts 1","timestamp":"2023-02-21T16:30:21.057Z"}
{"level":"info","message":"email: hiv4@dfdfkld.com: attempts 2","timestamp":"2023-02-21T16:30:21.249Z"}
{"level":"info","message":"email: hiv4@dfdfkld.com: attempts 2","timestamp":"2023-02-21T16:30:22.335Z"}
{"level":"info","message":"email: hiv4@dfdfkld.com: attempts 3","timestamp":"2023-02-21T16:30:22.521Z"}
{"level":"info","message":"email: hiv4@dfdfkld.com: attempts 3","timestamp":"2023-02-21T16:30:23.470Z"}
{"level":"info","message":"email: hiv4@dfdfkld.com: attempts 4","timestamp":"2023-02-21T16:30:23.660Z"}
{"level":"error","timestamp":"2023-02-21T16:30:23.660Z"}
{"level":"info","message":"email: hiv4@dfdfkld.com: attempts 4","timestamp":"2023-02-21T16:31:02.326Z"}
{"level":"info","message":"email: hiv4@dfdfkld.com: attempts 4","timestamp":"2023-02-21T16:31:08.611Z"}
{"level":"info","message":"back server running","timestamp":"2023-02-21T16:32:02.735Z"}
{"level":"info","message":"Connected to MongoDB","timestamp":"2023-02-21T16:32:03.943Z"}
{"level":"info","message":"back server running","timestamp":"2023-02-21T16:32:16.045Z"}
{"level":"info","message":"Connected to MongoDB","timestamp":"2023-02-21T16:32:17.227Z"}
{"level":"info","message":"email: hiv4@dfdfkld.com: attempts 4","timestamp":"2023-02-21T16:32:20.045Z"}
{"level":"info","message":"email: hiv4@dfdfkld.com: attempts 5","timestamp":"2023-02-21T16:32:20.237Z"}
{"level":"error","timestamp":"2023-02-21T16:32:20.239Z"}
{"level":"info","message":"back server running","timestamp":"2023-02-21T16:36:25.614Z"}
{"level":"info","message":"Connected to MongoDB","timestamp":"2023-02-21T16:36:26.758Z"}
{"level":"info","message":"email: hiv4@dfdfkld.com: attempts 5","timestamp":"2023-02-21T16:36:31.827Z"}
{"level":"info","message":"email: hiv4@dfdfkld.com: attempts 6","timestamp":"2023-02-21T16:36:32.010Z"}
{"level":"error","timestamp":"2023-02-21T16:36:32.011Z"}
{"level":"info","message":"back server running","timestamp":"2023-02-21T16:37:56.976Z"}
{"level":"info","message":"Connected to MongoDB","timestamp":"2023-02-21T16:37:58.191Z"}
{"level":"info","message":"back server running","timestamp":"2023-02-21T16:38:10.127Z"}
{"level":"info","message":"Connected to MongoDB","timestamp":"2023-02-21T16:38:11.267Z"}
{"level":"info","message":"email: hiv4@dfdfkld.com: attempts 6","timestamp":"2023-02-21T16:38:15.305Z"}
{"level":"info","message":"email: hiv4@dfdfkld.com: attempts 6","timestamp":"2023-02-21T16:38:33.466Z"}
{"level":"info","message":"email: hiv4@dfdfkld.com: attempts 6","timestamp":"2023-02-21T16:38:37.216Z"}
{"level":"info","message":"back server running","timestamp":"2023-02-21T16:38:57.528Z"}
{"level":"info","message":"Connected to MongoDB","timestamp":"2023-02-21T16:38:58.654Z"}
{"level":"info","message":"email: hiv4@dfdfkld.com: attempts 6","timestamp":"2023-02-21T16:39:03.297Z"}
{"level":"info","message":"email: hiv4@dfdfkld.com: attempts 6","timestamp":"2023-02-21T16:39:10.121Z"}
{"level":"info","message":"email: hiv4@dfdfkld.com: attempts 6","timestamp":"2023-02-21T16:39:38.477Z"}
{"level":"info","message":"email: hiv4@dfdfkld.com: attempts 0","timestamp":"2023-02-21T16:39:50.262Z"}
{"level":"info","message":"email: hiv4@dfdfkld.com: attempts 1","timestamp":"2023-02-21T16:39:50.470Z"}
{"level":"info","message":"email: hiv4@dfdfkld.com: attempts 1","timestamp":"2023-02-21T16:39:52.219Z"}
{"level":"info","message":"email: hiv4@dfdfkld.com: attempts 2","timestamp":"2023-02-21T16:39:52.392Z"}
{"level":"info","message":"email: hiv4@dfdfkld.com: attempts 2","timestamp":"2023-02-21T16:39:53.163Z"}
{"level":"info","message":"email: hiv4@dfdfkld.com: attempts 3","timestamp":"2023-02-21T16:39:53.341Z"}
{"level":"info","message":"email: hiv4@dfdfkld.com: attempts 3","timestamp":"2023-02-21T16:39:54.127Z"}
{"level":"info","message":"email: hiv4@dfdfkld.com: attempts 4","timestamp":"2023-02-21T16:39:54.304Z"}
{"level":"error","timestamp":"2023-02-21T16:39:54.304Z"}
{"level":"info","message":"email: hiv4@dfdfkld.com: attempts 4","timestamp":"2023-02-21T16:39:57.123Z"}
{"level":"info","message":"email: hiv4@dfdfkld.com: attempts 4","timestamp":"2023-02-21T16:43:33.818Z"}
{"level":"info","message":"email: hiv4@dfdfkld.com: attempts 5","timestamp":"2023-02-21T16:43:34.003Z"}
{"level":"error","timestamp":"2023-02-21T16:43:34.003Z"}
{"level":"info","message":"email: hiv4@dfdfkld.com: attempts 5","timestamp":"2023-02-21T16:44:22.732Z"}
{"level":"info","message":"back server running","timestamp":"2023-02-21T16:49:17.932Z"}
{"level":"info","message":"Connected to MongoDB","timestamp":"2023-02-21T16:49:19.126Z"}
{"level":"info","message":"email: hiv4@dfdfkld.com: attempts 5","timestamp":"2023-02-21T16:49:22.759Z"}
{"level":"error","timestamp":"2023-02-21T16:49:22.760Z"}
{"level":"info","message":"back server running","timestamp":"2023-02-21T16:50:58.879Z"}
{"level":"info","message":"Connected to MongoDB","timestamp":"2023-02-21T16:51:00.063Z"}
{"level":"info","message":"email: hiv4@dfdfkld.com: attempts 5","timestamp":"2023-02-21T16:51:03.587Z"}
{"level":"error","timestamp":"2023-02-21T16:51:03.588Z"}
{"level":"info","message":"back server running","timestamp":"2023-02-21T16:52:48.655Z"}
{"level":"info","message":"Connected to MongoDB","timestamp":"2023-02-21T16:52:49.861Z"}
{"level":"info","message":"email: hiv4@dfdfkld.com: attempts 5","timestamp":"2023-02-21T16:52:55.767Z"}
{"level":"error","timestamp":"2023-02-21T16:52:55.768Z"}
{"level":"info","message":"back server running","timestamp":"2023-02-21T16:53:12.827Z"}
{"level":"info","message":"Connected to MongoDB","timestamp":"2023-02-21T16:53:14.005Z"}
{"level":"info","message":"email: hiv4@dfdfkld.com: attempts 5","timestamp":"2023-02-21T16:53:16.402Z"}
{"level":"info","message":"email: hiv4@dfdfkld.com: attempts 6","timestamp":"2023-02-21T16:53:16.594Z"}
{"level":"error","timestamp":"2023-02-21T16:53:16.595Z"}
{"level":"info","message":"email: hiv4@dfdfkld.com: attempts 6","timestamp":"2023-02-21T16:53:58.098Z"}
{"level":"info","message":"back server running","timestamp":"2023-02-21T16:55:16.729Z"}
{"level":"info","message":"Connected to MongoDB","timestamp":"2023-02-21T16:55:17.931Z"}
{"level":"info","message":"email: hiv4@dfdfkld.com: attempts 6","timestamp":"2023-02-21T16:55:21.275Z"}
{"level":"info","message":"back server running","timestamp":"2023-02-21T16:55:35.046Z"}
{"level":"info","message":"Connected to MongoDB","timestamp":"2023-02-21T16:55:36.231Z"}
{"level":"info","message":"email: hiv4@dfdfkld.com: attempts 6","timestamp":"2023-02-21T17:17:47.680Z"}
{"level":"info","message":"email: hiv4@dfdfkld.com: attempts 7","timestamp":"2023-02-21T17:17:47.881Z"}
{"level":"error","timestamp":"2023-02-21T17:17:47.882Z"}
{"level":"info","message":"back server running","timestamp":"2023-02-21T17:20:23.377Z"}
{"level":"info","message":"Connected to MongoDB","timestamp":"2023-02-21T17:20:24.627Z"}
{"level":"info","message":"email: hiv4@dfdfkld.com: attempts 7","timestamp":"2023-02-21T17:20:27.959Z"}
{"level":"info","message":"email: hiv4@dfdfkld.com: attempts 7","timestamp":"2023-02-21T17:20:32.024Z"}
{"level":"info","message":"email: hiv4@dfdfkld.com: attempts 7","timestamp":"2023-02-21T17:20:37.151Z"}
{"level":"info","message":"email: hiv4@dfdfkld.com: attempts 7","timestamp":"2023-02-21T17:21:21.772Z"}
{"level":"info","message":"email: hiv4@dfdfkld.com: attempts 7","timestamp":"2023-02-21T17:21:39.040Z"}
{"level":"info","message":"email: hiv4@dfdfkld.com: attempts 7","timestamp":"2023-02-21T17:22:17.114Z"}
{"level":"info","message":"email: hiv4@dfdfkld.com: attempts 8","timestamp":"2023-02-21T17:22:17.302Z"}
{"level":"error","timestamp":"2023-02-21T17:22:17.302Z"}
{"level":"info","message":"email: hiv4@dfdfkld.com: attempts 8","timestamp":"2023-02-21T17:22:38.698Z"}
{"level":"info","message":"email: hiv4@dfdfkld.com: attempts 8","timestamp":"2023-02-21T19:45:07.944Z"}
{"level":"info","message":"email: hiv4@dfdfkld.com: attempts 9","timestamp":"2023-02-21T19:45:08.213Z"}
{"level":"error","timestamp":"2023-02-21T19:45:08.214Z"}
{"level":"info","message":"email: hiv4@dfdfkld.com: attempts 9","timestamp":"2023-02-21T19:48:32.110Z"}
{"level":"info","message":"email: hiv4@dfdfkld.com: attempts 0","timestamp":"2023-02-21T19:49:14.766Z"}
{"level":"info","message":"email: hiv4@dfdfkld.com: attempts 1","timestamp":"2023-02-21T19:49:14.950Z"}
{"level":"info","message":"email: hiv4@dfdfkld.com: attempts 1","timestamp":"2023-02-21T19:49:19.899Z"}
{"level":"info","message":"email: hiv4@dfdfkld.com: attempts 2","timestamp":"2023-02-21T19:49:20.083Z"}
{"level":"info","message":"email: hiv4@dfdfkld.com: attempts 2","timestamp":"2023-02-21T19:49:21.002Z"}
{"level":"info","message":"email: hiv4@dfdfkld.com: attempts 3","timestamp":"2023-02-21T19:49:21.190Z"}
{"level":"info","message":"email: hiv4@dfdfkld.com: attempts 3","timestamp":"2023-02-21T19:49:22.096Z"}
{"level":"info","message":"email: hiv4@dfdfkld.com: attempts 4","timestamp":"2023-02-21T19:49:22.280Z"}
{"level":"error","timestamp":"2023-02-21T19:49:22.280Z"}
{"level":"info","message":"back server running","timestamp":"2023-02-21T19:50:00.770Z"}
{"level":"info","message":"Connected to MongoDB","timestamp":"2023-02-21T19:50:01.954Z"}
{"level":"info","message":"email: hiv4@dfdfkld.com: attempts 0","timestamp":"2023-02-21T19:50:28.556Z"}
{"level":"info","message":"email: hiv4@dfdfkld.com: attempts 1","timestamp":"2023-02-21T19:50:28.824Z"}
{"level":"info","message":"email: hiv4@dfdfkld.com: attempts 1","timestamp":"2023-02-21T19:50:30.013Z"}
{"level":"info","message":"email: hiv4@dfdfkld.com: attempts 2","timestamp":"2023-02-21T19:50:30.199Z"}
{"level":"info","message":"email: hiv4@dfdfkld.com: attempts 2","timestamp":"2023-02-21T19:50:31.194Z"}
{"level":"info","message":"email: hiv4@dfdfkld.com: attempts 3","timestamp":"2023-02-21T19:50:31.378Z"}
{"level":"info","message":"email: hiv4@dfdfkld.com: attempts 3","timestamp":"2023-02-21T19:50:32.277Z"}
{"level":"info","message":"email: hiv4@dfdfkld.com: attempts 4","timestamp":"2023-02-21T19:50:32.463Z"}
{"level":"error","timestamp":"2023-02-21T19:50:32.463Z"}
{"level":"info","message":"back server running","timestamp":"2023-02-21T19:52:29.263Z"}
{"level":"info","message":"Connected to MongoDB","timestamp":"2023-02-21T19:52:30.488Z"}
{"level":"info","message":"back server running","timestamp":"2023-02-21T19:58:26.176Z"}
{"level":"info","message":"Connected to MongoDB","timestamp":"2023-02-21T19:58:27.391Z"}
{"level":"info","message":"email: hiv4@dfdfkld.com: attempts 4","timestamp":"2023-02-21T19:58:32.718Z"}
{"level":"info","message":"email: hiv4@dfdfkld.com: attempts 5","timestamp":"2023-02-21T19:58:32.910Z"}
{"level":"error","timestamp":"2023-02-21T19:58:32.911Z"}
{"level":"info","message":"back server running","timestamp":"2023-02-21T20:00:37.239Z"}
{"level":"info","message":"Connected to MongoDB","timestamp":"2023-02-21T20:00:38.476Z"}
{"level":"info","message":"email: hiv4@dfdfkld.com: attempts 5","timestamp":"2023-02-21T20:00:43.329Z"}
{"level":"info","message":"email: hiv4@dfdfkld.com: attempts 6","timestamp":"2023-02-21T20:00:43.524Z"}
{"level":"error","timestamp":"2023-02-21T20:00:43.525Z"}
{"level":"info","message":"back server running","timestamp":"2023-02-21T20:04:17.260Z"}
{"level":"info","message":"Connected to MongoDB","timestamp":"2023-02-21T20:04:18.424Z"}
{"level":"info","message":"back server running","timestamp":"2023-02-21T20:22:33.221Z"}
{"level":"info","message":"Connected to MongoDB","timestamp":"2023-02-21T20:22:34.432Z"}
{"level":"info","message":"email: hiv4@dfdfkld.com: attempts 0","timestamp":"2023-02-21T20:24:59.169Z"}
{"level":"info","message":"email: hiv4@dfdfkld.com: attempts 1","timestamp":"2023-02-21T20:24:59.359Z"}
{"level":"info","message":"email: hiv4@dfdfkld.com: attempts 1","timestamp":"2023-02-21T20:25:02.937Z"}
{"level":"info","message":"email: hiv4@dfdfkld.com: attempts 2","timestamp":"2023-02-21T20:25:03.120Z"}
{"level":"info","message":"email: hiv4@dfdfkld.com: attempts 2","timestamp":"2023-02-21T20:25:04.874Z"}
{"level":"info","message":"email: hiv4@dfdfkld.com: attempts 3","timestamp":"2023-02-21T20:25:05.058Z"}
{"level":"info","message":"email: hiv4@dfdfkld.com: attempts 3","timestamp":"2023-02-21T20:25:06.005Z"}
{"level":"info","message":"email: hiv4@dfdfkld.com: attempts 4","timestamp":"2023-02-21T20:25:06.188Z"}
{"level":"error","timestamp":"2023-02-21T20:25:06.188Z"}
{"level":"info","message":"back server running","timestamp":"2023-02-21T20:27:11.370Z"}
{"level":"info","message":"Connected to MongoDB","timestamp":"2023-02-21T20:27:12.528Z"}
{"level":"info","message":"email: hiv4@dfdfkld.com: attempts 0","timestamp":"2023-02-21T20:27:35.507Z"}
{"level":"info","message":"email: hiv4@dfdfkld.com: attempts 1","timestamp":"2023-02-21T20:27:35.689Z"}
{"level":"info","message":"email: hiv4@dfdfkld.com: attempts 1","timestamp":"2023-02-21T20:27:36.735Z"}
{"level":"info","message":"email: hiv4@dfdfkld.com: attempts 2","timestamp":"2023-02-21T20:27:36.910Z"}
{"level":"info","message":"email: hiv4@dfdfkld.com: attempts 2","timestamp":"2023-02-21T20:27:37.710Z"}
{"level":"info","message":"email: hiv4@dfdfkld.com: attempts 3","timestamp":"2023-02-21T20:27:37.888Z"}
{"level":"info","message":"email: hiv4@dfdfkld.com: attempts 3","timestamp":"2023-02-21T20:27:38.714Z"}
{"level":"info","message":"email: hiv4@dfdfkld.com: attempts 4","timestamp":"2023-02-21T20:27:38.889Z"}
{"level":"error","timestamp":"2023-02-21T20:27:38.889Z"}
{"level":"info","message":"back server running","timestamp":"2023-02-21T20:30:22.531Z"}
{"level":"info","message":"Connected to MongoDB","timestamp":"2023-02-21T20:30:23.885Z"}
{"level":"info","message":"email: hiv4@dfdfkld.com: attempts 4","timestamp":"2023-02-21T20:30:44.721Z"}
{"level":"info","message":"email: hiv4@dfdfkld.com: attempts 5","timestamp":"2023-02-21T20:30:44.916Z"}
{"level":"info","message":"email: hiv4@dfdfkld.com: attempts 0","timestamp":"2023-02-21T20:32:42.471Z"}
{"level":"info","message":"email: hiv4@dfdfkld.com: attempts 1","timestamp":"2023-02-21T20:32:42.664Z"}
{"level":"info","message":"email: hiv4@dfdfkld.com: attempts 1","timestamp":"2023-02-21T20:32:43.835Z"}
{"level":"info","message":"email: hiv4@dfdfkld.com: attempts 2","timestamp":"2023-02-21T20:32:44.365Z"}
{"level":"info","message":"email: hiv4@dfdfkld.com: attempts 2","timestamp":"2023-02-21T20:32:45.281Z"}
{"level":"info","message":"email: hiv4@dfdfkld.com: attempts 3","timestamp":"2023-02-21T20:32:45.466Z"}
{"level":"info","message":"email: hiv4@dfdfkld.com: attempts 3","timestamp":"2023-02-21T20:32:47.059Z"}
{"level":"info","message":"email: hiv4@dfdfkld.com: attempts 4","timestamp":"2023-02-21T20:32:47.247Z"}
{"level":"info","message":"email: hiv4@dfdfkld.com: attempts 4","timestamp":"2023-02-21T20:33:27.837Z"}
{"level":"info","message":"email: hiv4@dfdfkld.com: attempts 4","timestamp":"2023-02-21T20:33:29.312Z"}
{"level":"info","message":"email: hiv4@dfdfkld.com: attempts 4","timestamp":"2023-02-21T20:33:30.232Z"}
{"level":"info","message":"email: hiv4@dfdfkld.com: attempts 4","timestamp":"2023-02-21T20:33:31.115Z"}
{"level":"info","message":"email: hiv4@dfdfkld.com: attempts 4","timestamp":"2023-02-21T20:42:08.720Z"}
{"level":"info","message":"email: hiv4@dfdfkld.com: attempts 5","timestamp":"2023-02-21T20:42:08.914Z"}
{"level":"info","message":"email: hiv4@dfdfkld.com: attempts 5","timestamp":"2023-02-21T20:42:10.508Z"}
{"level":"info","message":"email: hiv4@dfdfkld.com: attempts 5","timestamp":"2023-02-21T20:42:12.583Z"}
{"level":"info","message":"email: hiv4@dfdfkld.com: attempts 5","timestamp":"2023-02-21T20:42:13.590Z"}
{"level":"info","message":"email: hiv4@dfdfkld.com: attempts 5","timestamp":"2023-02-21T20:42:14.362Z"}
{"level":"info","message":"email: hiv4@dfdfkld.com: attempts 5","timestamp":"2023-02-21T20:42:15.413Z"}
{"level":"info","message":"email: hiv4@dfdfkld.com: attempts 5","timestamp":"2023-02-21T20:42:19.001Z"}
{"level":"info","message":"back server running","timestamp":"2023-02-22T09:42:14.842Z"}
{"level":"info","message":"Connected to MongoDB","timestamp":"2023-02-22T09:42:15.985Z"}
{"level":"info","message":"email: hiv4@dfdfkld.com: attempts 5","timestamp":"2023-02-22T09:42:21.912Z"}
{"level":"info","message":"email: hiv4@dfdfkld.com: attempts 0","timestamp":"2023-02-22T09:42:30.189Z"}
{"level":"info","message":"email: hiv4@dfdfkld.com: attempts 1","timestamp":"2023-02-22T09:42:30.368Z"}
{"level":"info","message":"email: hiv4@dfdfkld.com: attempts 1","timestamp":"2023-02-22T09:42:35.007Z"}
{"level":"info","message":"email: hiv4@dfdfkld.com: attempts 2","timestamp":"2023-02-22T09:42:35.186Z"}
{"level":"info","message":"email: hiv4@dfdfkld.com: attempts 2","timestamp":"2023-02-22T09:42:36.031Z"}
{"level":"info","message":"email: hiv4@dfdfkld.com: attempts 3","timestamp":"2023-02-22T09:42:36.207Z"}
{"level":"info","message":"email: hiv4@dfdfkld.com: attempts 3","timestamp":"2023-02-22T09:42:37.036Z"}
{"level":"info","message":"email: hiv4@dfdfkld.com: attempts 4","timestamp":"2023-02-22T09:42:37.215Z"}
{"level":"info","message":"email: hiv4@dfdfkld.com: attempts 4","timestamp":"2023-02-22T09:42:39.346Z"}
{"level":"info","message":"email: hiv4@dfdfkld.com: attempts 4","timestamp":"2023-02-22T09:42:46.431Z"}
{"level":"info","message":"email: hiv4@dfdfkld.com: attempts 4","timestamp":"2023-02-22T09:42:59.671Z"}
{"level":"info","message":"email: hiv4@dfdfkld.com: attempts 4","timestamp":"2023-02-22T09:43:02.894Z"}
{"level":"info","message":"email: hiv4@dfdfkld.com: attempts 4","timestamp":"2023-02-22T09:43:03.954Z"}
{"level":"info","message":"email: hiv4@dfdfkld.com: attempts 4","timestamp":"2023-02-22T09:43:30.106Z"}
{"level":"info","message":"email: hiv4@dfdfkld.com: attempts 4","timestamp":"2023-02-22T09:44:48.533Z"}
{"level":"info","message":"back server running","timestamp":"2023-02-22T09:45:43.878Z"}
{"level":"info","message":"Connected to MongoDB","timestamp":"2023-02-22T09:45:45.057Z"}
{"level":"info","message":"back server running","timestamp":"2023-02-22T09:46:05.537Z"}
{"level":"info","message":"Connected to MongoDB","timestamp":"2023-02-22T09:46:06.701Z"}
{"level":"info","message":"back server running","timestamp":"2023-02-22T09:46:41.989Z"}
{"level":"info","message":"Connected to MongoDB","timestamp":"2023-02-22T09:46:43.197Z"}
{"level":"info","message":"back server running","timestamp":"2023-02-22T09:47:06.913Z"}
{"level":"info","message":"Connected to MongoDB","timestamp":"2023-02-22T09:47:08.131Z"}
{"level":"error","timestamp":"2023-02-22T09:47:25.493Z"}
{"level":"info","message":"back server running","timestamp":"2023-02-22T09:48:03.935Z"}
{"level":"info","message":"Connected to MongoDB","timestamp":"2023-02-22T09:48:05.072Z"}
{"level":"info","message":"back server running","timestamp":"2023-02-22T09:48:27.253Z"}
{"level":"info","message":"Connected to MongoDB","timestamp":"2023-02-22T09:48:28.410Z"}
{"level":"error","timestamp":"2023-02-22T09:48:31.820Z"}
{"level":"info","message":"back server running","timestamp":"2023-02-22T10:07:31.131Z"}
{"level":"info","message":"Connected to MongoDB","timestamp":"2023-02-22T10:07:32.364Z"}
{"error":{},"level":"error","message":"Assignment to constant variable.","timestamp":"2023-02-22T10:07:39.648Z"}
{"level":"info","message":"back server running","timestamp":"2023-02-22T10:10:01.732Z"}
{"level":"info","message":"Connected to MongoDB","timestamp":"2023-02-22T10:10:02.942Z"}
{"error":{},"level":"error","message":"Assignment to constant variable.","timestamp":"2023-02-22T10:10:06.634Z"}
{"level":"info","message":"back server running","timestamp":"2023-02-22T10:26:07.450Z"}
{"level":"info","message":"Connected to MongoDB","timestamp":"2023-02-22T10:26:08.615Z"}
{"error":{},"level":"error","message":"Assignment to constant variable.","timestamp":"2023-02-22T10:26:17.161Z"}
{"level":"info","message":"back server running","timestamp":"2023-02-22T10:27:26.140Z"}
{"level":"info","message":"Connected to MongoDB","timestamp":"2023-02-22T10:27:27.341Z"}
{"level":"error","timestamp":"2023-02-22T10:27:49.028Z"}
{"level":"info","message":"back server running","timestamp":"2023-02-22T10:28:32.393Z"}
{"level":"info","message":"Connected to MongoDB","timestamp":"2023-02-22T10:28:33.602Z"}
{"level":"error","message":{"error":{}},"timestamp":"2023-02-22T10:28:39.247Z"}
{"level":"info","message":"back server running","timestamp":"2023-02-22T10:32:35.814Z"}
{"level":"info","message":"Connected to MongoDB","timestamp":"2023-02-22T10:32:37.045Z"}
{"level":"error","message":{"error":{}},"timestamp":"2023-02-22T10:32:47.368Z"}
{"error":"TypeError: Assignment to constant variable.\n    at login (/Users/jgelbwaser/Documents/javi/ACADEMIA/webdevelopment/ITC/ITC_Course/assgnemets/HW6-Pet-adoption/pat-addoption-jgelbwaser/server/controllers/UserController.js:59:14)\n    at Layer.handle [as handle_request] (/Users/jgelbwaser/Documents/javi/ACADEMIA/webdevelopment/ITC/ITC_Course/assgnemets/HW6-Pet-adoption/pat-addoption-jgelbwaser/server/node_modules/express/lib/router/layer.js:95:5)\n    at next (/Users/jgelbwaser/Documents/javi/ACADEMIA/webdevelopment/ITC/ITC_Course/assgnemets/HW6-Pet-adoption/pat-addoption-jgelbwaser/server/node_modules/express/lib/router/route.js:144:13)\n    at Route.dispatch (/Users/jgelbwaser/Documents/javi/ACADEMIA/webdevelopment/ITC/ITC_Course/assgnemets/HW6-Pet-adoption/pat-addoption-jgelbwaser/server/node_modules/express/lib/router/route.js:114:3)\n    at Layer.handle [as handle_request] (/Users/jgelbwaser/Documents/javi/ACADEMIA/webdevelopment/ITC/ITC_Course/assgnemets/HW6-Pet-adoption/pat-addoption-jgelbwaser/server/node_modules/express/lib/router/layer.js:95:5)\n    at /Users/jgelbwaser/Documents/javi/ACADEMIA/webdevelopment/ITC/ITC_Course/assgnemets/HW6-Pet-adoption/pat-addoption-jgelbwaser/server/node_modules/express/lib/router/index.js:284:15\n    at Function.process_params (/Users/jgelbwaser/Documents/javi/ACADEMIA/webdevelopment/ITC/ITC_Course/assgnemets/HW6-Pet-adoption/pat-addoption-jgelbwaser/server/node_modules/express/lib/router/index.js:346:12)\n    at next (/Users/jgelbwaser/Documents/javi/ACADEMIA/webdevelopment/ITC/ITC_Course/assgnemets/HW6-Pet-adoption/pat-addoption-jgelbwaser/server/node_modules/express/lib/router/index.js:280:10)\n    at logger (/Users/jgelbwaser/Documents/javi/ACADEMIA/webdevelopment/ITC/ITC_Course/assgnemets/HW6-Pet-adoption/pat-addoption-jgelbwaser/server/node_modules/morgan/index.js:144:5)\n    at Layer.handle [as handle_request] (/Users/jgelbwaser/Documents/javi/ACADEMIA/webdevelopment/ITC/ITC_Course/assgnemets/HW6-Pet-adoption/pat-addoption-jgelbwaser/server/node_modules/express/lib/router/layer.js:95:5)","level":"error","message":"Assignment to constant variable.","timestamp":"2023-02-22T10:32:47.369Z"}
{"level":"info","message":"back server running","timestamp":"2023-02-22T10:34:04.776Z"}
{"level":"info","message":"Connected to MongoDB","timestamp":"2023-02-22T10:34:05.968Z"}
{"level":"error","message":{"error":{}},"timestamp":"2023-02-22T10:34:08.765Z"}
{"level":"error","message":"Assignment to constant variable.","timestamp":"2023-02-22T10:34:08.766Z"}
{"level":"info","message":"back server running","timestamp":"2023-02-22T10:45:56.396Z"}
{"level":"info","message":"Connected to MongoDB","timestamp":"2023-02-22T10:45:57.543Z"}
{"level":"error","message":{"error":{}},"timestamp":"2023-02-22T10:46:24.817Z"}
{"level":"error","message":"Assignment to constant variable.","timestamp":"2023-02-22T10:46:24.817Z"}
{"level":"info","message":"back server running","timestamp":"2023-02-22T10:46:58.093Z"}
{"level":"info","message":"Connected to MongoDB","timestamp":"2023-02-22T10:46:59.282Z"}
{"level":"error","message":{"error":{}},"timestamp":"2023-02-22T10:47:02.674Z"}
{"level":"error","message":"Assignment to constant variable.","timestamp":"2023-02-22T10:47:02.675Z"}
{"level":"info","message":"back server running","timestamp":"2023-02-22T10:49:31.960Z"}
{"level":"info","message":"Connected to MongoDB","timestamp":"2023-02-22T10:49:33.138Z"}
{"level":"info","message":"back server running","timestamp":"2023-02-22T10:53:30.773Z"}
{"level":"info","message":"Connected to MongoDB","timestamp":"2023-02-22T10:53:31.932Z"}
{"level":"error","message":{"error":{}},"timestamp":"2023-02-22T10:53:38.905Z"}
{"level":"error","message":"Assignment to constant variable.","timestamp":"2023-02-22T10:53:38.906Z"}
{"level":"info","message":"back server running","timestamp":"2023-02-22T10:54:09.778Z"}
{"level":"info","message":"Connected to MongoDB","timestamp":"2023-02-22T10:54:10.913Z"}
{"level":"error","message":{"error":{}},"timestamp":"2023-02-22T10:54:14.666Z"}
{"error":{},"level":"error","message":"Assignment to constant variable.","timestamp":"2023-02-22T10:54:14.666Z"}
{"level":"info","message":"back server running","timestamp":"2023-02-22T10:54:56.244Z"}
{"level":"info","message":"Connected to MongoDB","timestamp":"2023-02-22T10:54:57.439Z"}
{"level":"error","message":{"error":{}},"timestamp":"2023-02-22T10:55:08.036Z"}
{"error":{},"level":"error","message":"Assignment to constant variable.","timestamp":"2023-02-22T10:55:08.037Z"}
{"level":"info","message":"back server running","timestamp":"2023-02-22T10:55:39.551Z"}
{"level":"info","message":"Connected to MongoDB","timestamp":"2023-02-22T10:55:40.698Z"}
{"level":"error","message":{"error":{}},"timestamp":"2023-02-22T10:56:22.854Z"}
{"error":{},"level":"error","message":"Assignment to constant variable.","timestamp":"2023-02-22T10:56:22.854Z"}
{"level":"info","message":"back server running","timestamp":"2023-02-22T10:57:21.820Z"}
{"level":"info","message":"Connected to MongoDB","timestamp":"2023-02-22T10:57:23.016Z"}
{"level":"error","message":{"error":{}},"timestamp":"2023-02-22T10:57:27.796Z"}
{"error":{},"level":"error","message":"Assignment to constant variable.","timestamp":"2023-02-22T10:57:27.797Z"}
{"level":"info","message":"back server running","timestamp":"2023-02-22T10:58:20.161Z"}
{"level":"info","message":"Connected to MongoDB","timestamp":"2023-02-22T10:58:21.381Z"}
{"level":"error","message":{"error":{}},"timestamp":"2023-02-22T10:58:26.524Z"}
{"level":"error","timestamp":"2023-02-22T10:58:26.525Z"}
{"level":"info","message":"back server running","timestamp":"2023-02-22T10:59:06.494Z"}
{"level":"info","message":"Connected to MongoDB","timestamp":"2023-02-22T10:59:07.781Z"}
{"level":"error","message":{"error":{}},"timestamp":"2023-02-22T10:59:09.295Z"}
{"level":"error","timestamp":"2023-02-22T10:59:09.295Z"}
{"level":"info","message":"back server running","timestamp":"2023-02-22T11:00:23.852Z"}
{"level":"info","message":"Connected to MongoDB","timestamp":"2023-02-22T11:00:25.018Z"}
{"level":"error","message":{"error":{}},"timestamp":"2023-02-22T11:00:27.812Z"}
{"error":"TypeError: Assignment to constant variable.\n    at login (/Users/jgelbwaser/Documents/javi/ACADEMIA/webdevelopment/ITC/ITC_Course/assgnemets/HW6-Pet-adoption/pat-addoption-jgelbwaser/server/controllers/UserController.js:59:14)\n    at Layer.handle [as handle_request] (/Users/jgelbwaser/Documents/javi/ACADEMIA/webdevelopment/ITC/ITC_Course/assgnemets/HW6-Pet-adoption/pat-addoption-jgelbwaser/server/node_modules/express/lib/router/layer.js:95:5)\n    at next (/Users/jgelbwaser/Documents/javi/ACADEMIA/webdevelopment/ITC/ITC_Course/assgnemets/HW6-Pet-adoption/pat-addoption-jgelbwaser/server/node_modules/express/lib/router/route.js:144:13)\n    at Route.dispatch (/Users/jgelbwaser/Documents/javi/ACADEMIA/webdevelopment/ITC/ITC_Course/assgnemets/HW6-Pet-adoption/pat-addoption-jgelbwaser/server/node_modules/express/lib/router/route.js:114:3)\n    at Layer.handle [as handle_request] (/Users/jgelbwaser/Documents/javi/ACADEMIA/webdevelopment/ITC/ITC_Course/assgnemets/HW6-Pet-adoption/pat-addoption-jgelbwaser/server/node_modules/express/lib/router/layer.js:95:5)\n    at /Users/jgelbwaser/Documents/javi/ACADEMIA/webdevelopment/ITC/ITC_Course/assgnemets/HW6-Pet-adoption/pat-addoption-jgelbwaser/server/node_modules/express/lib/router/index.js:284:15\n    at Function.process_params (/Users/jgelbwaser/Documents/javi/ACADEMIA/webdevelopment/ITC/ITC_Course/assgnemets/HW6-Pet-adoption/pat-addoption-jgelbwaser/server/node_modules/express/lib/router/index.js:346:12)\n    at next (/Users/jgelbwaser/Documents/javi/ACADEMIA/webdevelopment/ITC/ITC_Course/assgnemets/HW6-Pet-adoption/pat-addoption-jgelbwaser/server/node_modules/express/lib/router/index.js:280:10)\n    at logger (/Users/jgelbwaser/Documents/javi/ACADEMIA/webdevelopment/ITC/ITC_Course/assgnemets/HW6-Pet-adoption/pat-addoption-jgelbwaser/server/node_modules/morgan/index.js:144:5)\n    at Layer.handle [as handle_request] (/Users/jgelbwaser/Documents/javi/ACADEMIA/webdevelopment/ITC/ITC_Course/assgnemets/HW6-Pet-adoption/pat-addoption-jgelbwaser/server/node_modules/express/lib/router/layer.js:95:5)","level":"error","message":"Assignment to constant variable.","timestamp":"2023-02-22T11:00:27.813Z"}
{"level":"info","message":"back server running","timestamp":"2023-02-22T11:01:33.954Z"}
{"level":"info","message":"Connected to MongoDB","timestamp":"2023-02-22T11:01:35.092Z"}
{"level":"error","message":{"error":{}},"timestamp":"2023-02-22T11:01:49.752Z"}
{"error":"TypeError: Assignment to constant variable.\n    at login (/Users/jgelbwaser/Documents/javi/ACADEMIA/webdevelopment/ITC/ITC_Course/assgnemets/HW6-Pet-adoption/pat-addoption-jgelbwaser/server/controllers/UserController.js:59:14)\n    at Layer.handle [as handle_request] (/Users/jgelbwaser/Documents/javi/ACADEMIA/webdevelopment/ITC/ITC_Course/assgnemets/HW6-Pet-adoption/pat-addoption-jgelbwaser/server/node_modules/express/lib/router/layer.js:95:5)\n    at next (/Users/jgelbwaser/Documents/javi/ACADEMIA/webdevelopment/ITC/ITC_Course/assgnemets/HW6-Pet-adoption/pat-addoption-jgelbwaser/server/node_modules/express/lib/router/route.js:144:13)\n    at Route.dispatch (/Users/jgelbwaser/Documents/javi/ACADEMIA/webdevelopment/ITC/ITC_Course/assgnemets/HW6-Pet-adoption/pat-addoption-jgelbwaser/server/node_modules/express/lib/router/route.js:114:3)\n    at Layer.handle [as handle_request] (/Users/jgelbwaser/Documents/javi/ACADEMIA/webdevelopment/ITC/ITC_Course/assgnemets/HW6-Pet-adoption/pat-addoption-jgelbwaser/server/node_modules/express/lib/router/layer.js:95:5)\n    at /Users/jgelbwaser/Documents/javi/ACADEMIA/webdevelopment/ITC/ITC_Course/assgnemets/HW6-Pet-adoption/pat-addoption-jgelbwaser/server/node_modules/express/lib/router/index.js:284:15\n    at Function.process_params (/Users/jgelbwaser/Documents/javi/ACADEMIA/webdevelopment/ITC/ITC_Course/assgnemets/HW6-Pet-adoption/pat-addoption-jgelbwaser/server/node_modules/express/lib/router/index.js:346:12)\n    at next (/Users/jgelbwaser/Documents/javi/ACADEMIA/webdevelopment/ITC/ITC_Course/assgnemets/HW6-Pet-adoption/pat-addoption-jgelbwaser/server/node_modules/express/lib/router/index.js:280:10)\n    at logger (/Users/jgelbwaser/Documents/javi/ACADEMIA/webdevelopment/ITC/ITC_Course/assgnemets/HW6-Pet-adoption/pat-addoption-jgelbwaser/server/node_modules/morgan/index.js:144:5)\n    at Layer.handle [as handle_request] (/Users/jgelbwaser/Documents/javi/ACADEMIA/webdevelopment/ITC/ITC_Course/assgnemets/HW6-Pet-adoption/pat-addoption-jgelbwaser/server/node_modules/express/lib/router/layer.js:95:5)","level":"error","message":"Assignment to constant variable.","timestamp":"2023-02-22T11:01:49.753Z"}
{"level":"info","message":"back server running","timestamp":"2023-02-22T11:04:58.444Z"}
{"level":"info","message":"Connected to MongoDB","timestamp":"2023-02-22T11:04:59.618Z"}
{"level":"error","message":"Assignment to constant variable.","timestamp":"2023-02-22T11:05:04.995Z"}
{"level":"error","message":{"error":"TypeError: Assignment to constant variable.\n    at login (/Users/jgelbwaser/Documents/javi/ACADEMIA/webdevelopment/ITC/ITC_Course/assgnemets/HW6-Pet-adoption/pat-addoption-jgelbwaser/server/controllers/UserController.js:59:14)\n    at Layer.handle [as handle_request] (/Users/jgelbwaser/Documents/javi/ACADEMIA/webdevelopment/ITC/ITC_Course/assgnemets/HW6-Pet-adoption/pat-addoption-jgelbwaser/server/node_modules/express/lib/router/layer.js:95:5)\n    at next (/Users/jgelbwaser/Documents/javi/ACADEMIA/webdevelopment/ITC/ITC_Course/assgnemets/HW6-Pet-adoption/pat-addoption-jgelbwaser/server/node_modules/express/lib/router/route.js:144:13)\n    at Route.dispatch (/Users/jgelbwaser/Documents/javi/ACADEMIA/webdevelopment/ITC/ITC_Course/assgnemets/HW6-Pet-adoption/pat-addoption-jgelbwaser/server/node_modules/express/lib/router/route.js:114:3)\n    at Layer.handle [as handle_request] (/Users/jgelbwaser/Documents/javi/ACADEMIA/webdevelopment/ITC/ITC_Course/assgnemets/HW6-Pet-adoption/pat-addoption-jgelbwaser/server/node_modules/express/lib/router/layer.js:95:5)\n    at /Users/jgelbwaser/Documents/javi/ACADEMIA/webdevelopment/ITC/ITC_Course/assgnemets/HW6-Pet-adoption/pat-addoption-jgelbwaser/server/node_modules/express/lib/router/index.js:284:15\n    at Function.process_params (/Users/jgelbwaser/Documents/javi/ACADEMIA/webdevelopment/ITC/ITC_Course/assgnemets/HW6-Pet-adoption/pat-addoption-jgelbwaser/server/node_modules/express/lib/router/index.js:346:12)\n    at next (/Users/jgelbwaser/Documents/javi/ACADEMIA/webdevelopment/ITC/ITC_Course/assgnemets/HW6-Pet-adoption/pat-addoption-jgelbwaser/server/node_modules/express/lib/router/index.js:280:10)\n    at logger (/Users/jgelbwaser/Documents/javi/ACADEMIA/webdevelopment/ITC/ITC_Course/assgnemets/HW6-Pet-adoption/pat-addoption-jgelbwaser/server/node_modules/morgan/index.js:144:5)\n    at Layer.handle [as handle_request] (/Users/jgelbwaser/Documents/javi/ACADEMIA/webdevelopment/ITC/ITC_Course/assgnemets/HW6-Pet-adoption/pat-addoption-jgelbwaser/server/node_modules/express/lib/router/layer.js:95:5)"},"timestamp":"2023-02-22T11:05:04.995Z"}
{"level":"info","message":"back server running","timestamp":"2023-02-22T11:07:16.359Z"}
{"level":"info","message":"Connected to MongoDB","timestamp":"2023-02-22T11:07:17.564Z"}
{"level":"error","message":"Assignment to constant variable.","timestamp":"2023-02-22T11:07:22.762Z"}
{"level":"error","message":{"error":"TypeError: Assignment to constant variable.\n    at login (/Users/jgelbwaser/Documents/javi/ACADEMIA/webdevelopment/ITC/ITC_Course/assgnemets/HW6-Pet-adoption/pat-addoption-jgelbwaser/server/controllers/UserController.js:59:14)\n    at Layer.handle [as handle_request] (/Users/jgelbwaser/Documents/javi/ACADEMIA/webdevelopment/ITC/ITC_Course/assgnemets/HW6-Pet-adoption/pat-addoption-jgelbwaser/server/node_modules/express/lib/router/layer.js:95:5)\n    at next (/Users/jgelbwaser/Documents/javi/ACADEMIA/webdevelopment/ITC/ITC_Course/assgnemets/HW6-Pet-adoption/pat-addoption-jgelbwaser/server/node_modules/express/lib/router/route.js:144:13)\n    at Route.dispatch (/Users/jgelbwaser/Documents/javi/ACADEMIA/webdevelopment/ITC/ITC_Course/assgnemets/HW6-Pet-adoption/pat-addoption-jgelbwaser/server/node_modules/express/lib/router/route.js:114:3)\n    at Layer.handle [as handle_request] (/Users/jgelbwaser/Documents/javi/ACADEMIA/webdevelopment/ITC/ITC_Course/assgnemets/HW6-Pet-adoption/pat-addoption-jgelbwaser/server/node_modules/express/lib/router/layer.js:95:5)\n    at /Users/jgelbwaser/Documents/javi/ACADEMIA/webdevelopment/ITC/ITC_Course/assgnemets/HW6-Pet-adoption/pat-addoption-jgelbwaser/server/node_modules/express/lib/router/index.js:284:15\n    at Function.process_params (/Users/jgelbwaser/Documents/javi/ACADEMIA/webdevelopment/ITC/ITC_Course/assgnemets/HW6-Pet-adoption/pat-addoption-jgelbwaser/server/node_modules/express/lib/router/index.js:346:12)\n    at next (/Users/jgelbwaser/Documents/javi/ACADEMIA/webdevelopment/ITC/ITC_Course/assgnemets/HW6-Pet-adoption/pat-addoption-jgelbwaser/server/node_modules/express/lib/router/index.js:280:10)\n    at logger (/Users/jgelbwaser/Documents/javi/ACADEMIA/webdevelopment/ITC/ITC_Course/assgnemets/HW6-Pet-adoption/pat-addoption-jgelbwaser/server/node_modules/morgan/index.js:144:5)\n    at Layer.handle [as handle_request] (/Users/jgelbwaser/Documents/javi/ACADEMIA/webdevelopment/ITC/ITC_Course/assgnemets/HW6-Pet-adoption/pat-addoption-jgelbwaser/server/node_modules/express/lib/router/layer.js:95:5)"},"timestamp":"2023-02-22T11:07:22.762Z"}
{"level":"error","message":"Assignment to constant variable.","timestamp":"2023-02-22T11:19:30.911Z"}
{"level":"error","message":{"error":"TypeError: Assignment to constant variable.\n    at login (/Users/jgelbwaser/Documents/javi/ACADEMIA/webdevelopment/ITC/ITC_Course/assgnemets/HW6-Pet-adoption/pat-addoption-jgelbwaser/server/controllers/UserController.js:59:14)\n    at Layer.handle [as handle_request] (/Users/jgelbwaser/Documents/javi/ACADEMIA/webdevelopment/ITC/ITC_Course/assgnemets/HW6-Pet-adoption/pat-addoption-jgelbwaser/server/node_modules/express/lib/router/layer.js:95:5)\n    at next (/Users/jgelbwaser/Documents/javi/ACADEMIA/webdevelopment/ITC/ITC_Course/assgnemets/HW6-Pet-adoption/pat-addoption-jgelbwaser/server/node_modules/express/lib/router/route.js:144:13)\n    at Route.dispatch (/Users/jgelbwaser/Documents/javi/ACADEMIA/webdevelopment/ITC/ITC_Course/assgnemets/HW6-Pet-adoption/pat-addoption-jgelbwaser/server/node_modules/express/lib/router/route.js:114:3)\n    at Layer.handle [as handle_request] (/Users/jgelbwaser/Documents/javi/ACADEMIA/webdevelopment/ITC/ITC_Course/assgnemets/HW6-Pet-adoption/pat-addoption-jgelbwaser/server/node_modules/express/lib/router/layer.js:95:5)\n    at /Users/jgelbwaser/Documents/javi/ACADEMIA/webdevelopment/ITC/ITC_Course/assgnemets/HW6-Pet-adoption/pat-addoption-jgelbwaser/server/node_modules/express/lib/router/index.js:284:15\n    at Function.process_params (/Users/jgelbwaser/Documents/javi/ACADEMIA/webdevelopment/ITC/ITC_Course/assgnemets/HW6-Pet-adoption/pat-addoption-jgelbwaser/server/node_modules/express/lib/router/index.js:346:12)\n    at next (/Users/jgelbwaser/Documents/javi/ACADEMIA/webdevelopment/ITC/ITC_Course/assgnemets/HW6-Pet-adoption/pat-addoption-jgelbwaser/server/node_modules/express/lib/router/index.js:280:10)\n    at logger (/Users/jgelbwaser/Documents/javi/ACADEMIA/webdevelopment/ITC/ITC_Course/assgnemets/HW6-Pet-adoption/pat-addoption-jgelbwaser/server/node_modules/morgan/index.js:144:5)\n    at Layer.handle [as handle_request] (/Users/jgelbwaser/Documents/javi/ACADEMIA/webdevelopment/ITC/ITC_Course/assgnemets/HW6-Pet-adoption/pat-addoption-jgelbwaser/server/node_modules/express/lib/router/layer.js:95:5)"},"timestamp":"2023-02-22T11:19:30.912Z"}
{"level":"info","message":"back server running","timestamp":"2023-02-22T11:26:28.225Z"}
{"level":"info","message":"Connected to MongoDB","timestamp":"2023-02-22T11:26:29.394Z"}
{"level":"info","message":"back server running","timestamp":"2023-02-22T11:27:22.455Z"}
{"level":"info","message":"Connected to MongoDB","timestamp":"2023-02-22T11:27:23.603Z"}
{"level":"info","message":"back server running","timestamp":"2023-02-22T11:30:59.175Z"}
{"level":"info","message":"Connected to MongoDB","timestamp":"2023-02-22T11:31:00.373Z"}
{"level":"info","message":"back server running","timestamp":"2023-02-22T11:32:05.999Z"}
{"level":"info","message":"Connected to MongoDB","timestamp":"2023-02-22T11:32:07.192Z"}
{"level":"info","message":"back server running","timestamp":"2023-02-22T11:32:29.722Z"}
{"level":"info","message":"Connected to MongoDB","timestamp":"2023-02-22T11:32:30.986Z"}
{"level":"info","message":"back server running","timestamp":"2023-02-22T11:34:57.569Z"}
{"level":"info","message":"Connected to MongoDB","timestamp":"2023-02-22T11:34:58.780Z"}
{"level":"info","message":"back server running","timestamp":"2023-02-22T11:35:50.504Z"}
{"level":"info","message":"Connected to MongoDB","timestamp":"2023-02-22T11:35:51.692Z"}
{"level":"info","message":"back server running","timestamp":"2023-02-22T11:36:30.874Z"}
{"level":"info","message":"Connected to MongoDB","timestamp":"2023-02-22T11:36:32.069Z"}
{"level":"info","message":"back server running","timestamp":"2023-02-22T11:38:00.648Z"}
{"level":"info","message":"Connected to MongoDB","timestamp":"2023-02-22T11:38:01.814Z"}
{"level":"info","message":"back server running","timestamp":"2023-02-22T11:38:24.455Z"}
{"level":"info","message":"Connected to MongoDB","timestamp":"2023-02-22T11:38:25.650Z"}
{"level":"info","message":"back server running","timestamp":"2023-02-22T11:38:32.041Z"}
{"level":"info","message":"Connected to MongoDB","timestamp":"2023-02-22T11:38:33.230Z"}
{"level":"info","message":"back server running","timestamp":"2023-02-22T11:40:20.191Z"}
{"level":"info","message":"Connected to MongoDB","timestamp":"2023-02-22T11:40:21.357Z"}
{"level":"info","message":"back server running","timestamp":"2023-02-22T11:40:32.085Z"}
{"level":"info","message":"Connected to MongoDB","timestamp":"2023-02-22T11:40:33.285Z"}
{"level":"info","message":"back server running","timestamp":"2023-02-22T11:41:09.946Z"}
{"level":"info","message":"Connected to MongoDB","timestamp":"2023-02-22T11:41:11.077Z"}
{"level":"info","message":"back server running","timestamp":"2023-02-22T11:41:25.288Z"}
{"level":"info","message":"Connected to MongoDB","timestamp":"2023-02-22T11:41:26.470Z"}
{"level":"error","message":{"error":"TypeError: Assignment to constant variable.\n    at login (/Users/jgelbwaser/Documents/javi/ACADEMIA/webdevelopment/ITC/ITC_Course/assgnemets/HW6-Pet-adoption/pat-addoption-jgelbwaser/server/controllers/UserController.js:58:14)\n    at Layer.handle [as handle_request] (/Users/jgelbwaser/Documents/javi/ACADEMIA/webdevelopment/ITC/ITC_Course/assgnemets/HW6-Pet-adoption/pat-addoption-jgelbwaser/server/node_modules/express/lib/router/layer.js:95:5)\n    at next (/Users/jgelbwaser/Documents/javi/ACADEMIA/webdevelopment/ITC/ITC_Course/assgnemets/HW6-Pet-adoption/pat-addoption-jgelbwaser/server/node_modules/express/lib/router/route.js:144:13)\n    at Route.dispatch (/Users/jgelbwaser/Documents/javi/ACADEMIA/webdevelopment/ITC/ITC_Course/assgnemets/HW6-Pet-adoption/pat-addoption-jgelbwaser/server/node_modules/express/lib/router/route.js:114:3)\n    at Layer.handle [as handle_request] (/Users/jgelbwaser/Documents/javi/ACADEMIA/webdevelopment/ITC/ITC_Course/assgnemets/HW6-Pet-adoption/pat-addoption-jgelbwaser/server/node_modules/express/lib/router/layer.js:95:5)\n    at /Users/jgelbwaser/Documents/javi/ACADEMIA/webdevelopment/ITC/ITC_Course/assgnemets/HW6-Pet-adoption/pat-addoption-jgelbwaser/server/node_modules/express/lib/router/index.js:284:15\n    at Function.process_params (/Users/jgelbwaser/Documents/javi/ACADEMIA/webdevelopment/ITC/ITC_Course/assgnemets/HW6-Pet-adoption/pat-addoption-jgelbwaser/server/node_modules/express/lib/router/index.js:346:12)\n    at next (/Users/jgelbwaser/Documents/javi/ACADEMIA/webdevelopment/ITC/ITC_Course/assgnemets/HW6-Pet-adoption/pat-addoption-jgelbwaser/server/node_modules/express/lib/router/index.js:280:10)\n    at logger (/Users/jgelbwaser/Documents/javi/ACADEMIA/webdevelopment/ITC/ITC_Course/assgnemets/HW6-Pet-adoption/pat-addoption-jgelbwaser/server/node_modules/morgan/index.js:144:5)\n    at Layer.handle [as handle_request] (/Users/jgelbwaser/Documents/javi/ACADEMIA/webdevelopment/ITC/ITC_Course/assgnemets/HW6-Pet-adoption/pat-addoption-jgelbwaser/server/node_modules/express/lib/router/layer.js:95:5)"},"timestamp":"2023-02-22T11:41:29.341Z"}
{"level":"info","message":"back server running","timestamp":"2023-02-22T11:43:09.131Z"}
{"level":"info","message":"Connected to MongoDB","timestamp":"2023-02-22T11:43:10.342Z"}
{"level":"error","message":{"error":"TypeError: Assignment to constant variable.\n    at login (/Users/jgelbwaser/Documents/javi/ACADEMIA/webdevelopment/ITC/ITC_Course/assgnemets/HW6-Pet-adoption/pat-addoption-jgelbwaser/server/controllers/UserController.js:58:14)\n    at Layer.handle [as handle_request] (/Users/jgelbwaser/Documents/javi/ACADEMIA/webdevelopment/ITC/ITC_Course/assgnemets/HW6-Pet-adoption/pat-addoption-jgelbwaser/server/node_modules/express/lib/router/layer.js:95:5)\n    at next (/Users/jgelbwaser/Documents/javi/ACADEMIA/webdevelopment/ITC/ITC_Course/assgnemets/HW6-Pet-adoption/pat-addoption-jgelbwaser/server/node_modules/express/lib/router/route.js:144:13)\n    at Route.dispatch (/Users/jgelbwaser/Documents/javi/ACADEMIA/webdevelopment/ITC/ITC_Course/assgnemets/HW6-Pet-adoption/pat-addoption-jgelbwaser/server/node_modules/express/lib/router/route.js:114:3)\n    at Layer.handle [as handle_request] (/Users/jgelbwaser/Documents/javi/ACADEMIA/webdevelopment/ITC/ITC_Course/assgnemets/HW6-Pet-adoption/pat-addoption-jgelbwaser/server/node_modules/express/lib/router/layer.js:95:5)\n    at /Users/jgelbwaser/Documents/javi/ACADEMIA/webdevelopment/ITC/ITC_Course/assgnemets/HW6-Pet-adoption/pat-addoption-jgelbwaser/server/node_modules/express/lib/router/index.js:284:15\n    at Function.process_params (/Users/jgelbwaser/Documents/javi/ACADEMIA/webdevelopment/ITC/ITC_Course/assgnemets/HW6-Pet-adoption/pat-addoption-jgelbwaser/server/node_modules/express/lib/router/index.js:346:12)\n    at next (/Users/jgelbwaser/Documents/javi/ACADEMIA/webdevelopment/ITC/ITC_Course/assgnemets/HW6-Pet-adoption/pat-addoption-jgelbwaser/server/node_modules/express/lib/router/index.js:280:10)\n    at logger (/Users/jgelbwaser/Documents/javi/ACADEMIA/webdevelopment/ITC/ITC_Course/assgnemets/HW6-Pet-adoption/pat-addoption-jgelbwaser/server/node_modules/morgan/index.js:144:5)\n    at Layer.handle [as handle_request] (/Users/jgelbwaser/Documents/javi/ACADEMIA/webdevelopment/ITC/ITC_Course/assgnemets/HW6-Pet-adoption/pat-addoption-jgelbwaser/server/node_modules/express/lib/router/layer.js:95:5)"},"timestamp":"2023-02-22T11:44:49.180Z"}
{"level":"info","message":"back server running","timestamp":"2023-02-22T11:45:10.460Z"}
{"level":"info","message":"Connected to MongoDB","timestamp":"2023-02-22T11:45:11.697Z"}
{"level":"info","message":"email: hiv4@dfdfkld.com: attempts 0","timestamp":"2023-02-22T11:45:18.163Z"}
