{"level":"error","timestamp":"2023-02-04T21:03:50.518Z"}
{"code":"ERR_HTTP_HEADERS_SENT","level":"error","timestamp":"2023-02-21T15:34:19.600Z"}
{"code":"ERR_HTTP_HEADERS_SENT","level":"error","timestamp":"2023-02-21T15:35:37.305Z"}
{"level":"error","timestamp":"2023-02-21T15:39:06.992Z"}
{"level":"error","timestamp":"2023-02-21T15:39:08.235Z"}
{"level":"error","timestamp":"2023-02-21T15:39:09.112Z"}
{"level":"error","timestamp":"2023-02-21T15:39:10.022Z"}
{"level":"error","timestamp":"2023-02-21T15:39:11.161Z"}
{"level":"error","timestamp":"2023-02-21T15:41:41.823Z"}
{"level":"error","timestamp":"2023-02-21T15:42:42.244Z"}
{"level":"error","timestamp":"2023-02-21T15:44:10.352Z"}
{"level":"error","timestamp":"2023-02-21T15:45:18.288Z"}
{"level":"error","timestamp":"2023-02-21T15:45:49.836Z"}
{"level":"error","timestamp":"2023-02-21T15:47:41.336Z"}
{"level":"error","timestamp":"2023-02-21T15:49:59.240Z"}
{"level":"error","timestamp":"2023-02-21T15:50:52.661Z"}
{"level":"error","timestamp":"2023-02-21T15:51:50.732Z"}
{"level":"error","timestamp":"2023-02-21T15:53:02.399Z"}
{"level":"error","timestamp":"2023-02-21T15:54:49.377Z"}
{"level":"error","timestamp":"2023-02-21T15:56:22.714Z"}
{"level":"error","timestamp":"2023-02-21T16:08:02.161Z"}
{"level":"error","timestamp":"2023-02-21T16:15:33.575Z"}
{"level":"error","timestamp":"2023-02-21T16:17:49.444Z"}
{"level":"error","timestamp":"2023-02-21T16:18:20.111Z"}
{"level":"error","timestamp":"2023-02-21T16:18:59.535Z"}
{"level":"error","timestamp":"2023-02-21T16:30:23.660Z"}
{"level":"error","timestamp":"2023-02-21T16:32:20.239Z"}
{"level":"error","timestamp":"2023-02-21T16:36:32.011Z"}
{"level":"error","timestamp":"2023-02-21T16:39:54.304Z"}
{"level":"error","timestamp":"2023-02-21T16:43:34.003Z"}
{"level":"error","timestamp":"2023-02-21T16:49:22.760Z"}
{"level":"error","timestamp":"2023-02-21T16:51:03.588Z"}
{"level":"error","timestamp":"2023-02-21T16:52:55.768Z"}
{"level":"error","timestamp":"2023-02-21T16:53:16.595Z"}
{"level":"error","timestamp":"2023-02-21T17:17:47.882Z"}
{"level":"error","timestamp":"2023-02-21T17:22:17.302Z"}
{"level":"error","timestamp":"2023-02-21T19:45:08.214Z"}
{"level":"error","timestamp":"2023-02-21T19:49:22.280Z"}
{"level":"error","timestamp":"2023-02-21T19:50:32.463Z"}
{"level":"error","timestamp":"2023-02-21T19:58:32.911Z"}
{"level":"error","timestamp":"2023-02-21T20:00:43.525Z"}
{"level":"error","timestamp":"2023-02-21T20:25:06.188Z"}
{"level":"error","timestamp":"2023-02-21T20:27:38.889Z"}
{"level":"error","timestamp":"2023-02-22T09:47:25.493Z"}
{"level":"error","timestamp":"2023-02-22T09:48:31.820Z"}
{"error":{},"level":"error","message":"Assignment to constant variable.","timestamp":"2023-02-22T10:07:39.648Z"}
{"error":{},"level":"error","message":"Assignment to constant variable.","timestamp":"2023-02-22T10:10:06.634Z"}
{"error":{},"level":"error","message":"Assignment to constant variable.","timestamp":"2023-02-22T10:26:17.161Z"}
{"level":"error","timestamp":"2023-02-22T10:27:49.028Z"}
{"level":"error","message":{"error":{}},"timestamp":"2023-02-22T10:28:39.247Z"}
{"level":"error","message":{"error":{}},"timestamp":"2023-02-22T10:32:47.368Z"}
{"error":"TypeError: Assignment to constant variable.\n    at login (/Users/jgelbwaser/Documents/javi/ACADEMIA/webdevelopment/ITC/ITC_Course/assgnemets/HW6-Pet-adoption/pat-addoption-jgelbwaser/server/controllers/UserController.js:59:14)\n    at Layer.handle [as handle_request] (/Users/jgelbwaser/Documents/javi/ACADEMIA/webdevelopment/ITC/ITC_Course/assgnemets/HW6-Pet-adoption/pat-addoption-jgelbwaser/server/node_modules/express/lib/router/layer.js:95:5)\n    at next (/Users/jgelbwaser/Documents/javi/ACADEMIA/webdevelopment/ITC/ITC_Course/assgnemets/HW6-Pet-adoption/pat-addoption-jgelbwaser/server/node_modules/express/lib/router/route.js:144:13)\n    at Route.dispatch (/Users/jgelbwaser/Documents/javi/ACADEMIA/webdevelopment/ITC/ITC_Course/assgnemets/HW6-Pet-adoption/pat-addoption-jgelbwaser/server/node_modules/express/lib/router/route.js:114:3)\n    at Layer.handle [as handle_request] (/Users/jgelbwaser/Documents/javi/ACADEMIA/webdevelopment/ITC/ITC_Course/assgnemets/HW6-Pet-adoption/pat-addoption-jgelbwaser/server/node_modules/express/lib/router/layer.js:95:5)\n    at /Users/jgelbwaser/Documents/javi/ACADEMIA/webdevelopment/ITC/ITC_Course/assgnemets/HW6-Pet-adoption/pat-addoption-jgelbwaser/server/node_modules/express/lib/router/index.js:284:15\n    at Function.process_params (/Users/jgelbwaser/Documents/javi/ACADEMIA/webdevelopment/ITC/ITC_Course/assgnemets/HW6-Pet-adoption/pat-addoption-jgelbwaser/server/node_modules/express/lib/router/index.js:346:12)\n    at next (/Users/jgelbwaser/Documents/javi/ACADEMIA/webdevelopment/ITC/ITC_Course/assgnemets/HW6-Pet-adoption/pat-addoption-jgelbwaser/server/node_modules/express/lib/router/index.js:280:10)\n    at logger (/Users/jgelbwaser/Documents/javi/ACADEMIA/webdevelopment/ITC/ITC_Course/assgnemets/HW6-Pet-adoption/pat-addoption-jgelbwaser/server/node_modules/morgan/index.js:144:5)\n    at Layer.handle [as handle_request] (/Users/jgelbwaser/Documents/javi/ACADEMIA/webdevelopment/ITC/ITC_Course/assgnemets/HW6-Pet-adoption/pat-addoption-jgelbwaser/server/node_modules/express/lib/router/layer.js:95:5)","level":"error","message":"Assignment to constant variable.","timestamp":"2023-02-22T10:32:47.369Z"}
{"level":"error","message":{"error":{}},"timestamp":"2023-02-22T10:34:08.765Z"}
{"level":"error","message":"Assignment to constant variable.","timestamp":"2023-02-22T10:34:08.766Z"}
{"level":"error","message":{"error":{}},"timestamp":"2023-02-22T10:46:24.817Z"}
{"level":"error","message":"Assignment to constant variable.","timestamp":"2023-02-22T10:46:24.817Z"}
{"level":"error","message":{"error":{}},"timestamp":"2023-02-22T10:47:02.674Z"}
{"level":"error","message":"Assignment to constant variable.","timestamp":"2023-02-22T10:47:02.675Z"}
{"level":"error","message":{"error":{}},"timestamp":"2023-02-22T10:53:38.905Z"}
{"level":"error","message":"Assignment to constant variable.","timestamp":"2023-02-22T10:53:38.906Z"}
{"level":"error","message":{"error":{}},"timestamp":"2023-02-22T10:54:14.666Z"}
{"error":{},"level":"error","message":"Assignment to constant variable.","timestamp":"2023-02-22T10:54:14.666Z"}
{"level":"error","message":{"error":{}},"timestamp":"2023-02-22T10:55:08.036Z"}
{"error":{},"level":"error","message":"Assignment to constant variable.","timestamp":"2023-02-22T10:55:08.037Z"}
{"level":"error","message":{"error":{}},"timestamp":"2023-02-22T10:56:22.854Z"}
{"error":{},"level":"error","message":"Assignment to constant variable.","timestamp":"2023-02-22T10:56:22.854Z"}
{"level":"error","message":{"error":{}},"timestamp":"2023-02-22T10:57:27.796Z"}
{"error":{},"level":"error","message":"Assignment to constant variable.","timestamp":"2023-02-22T10:57:27.797Z"}
{"level":"error","message":{"error":{}},"timestamp":"2023-02-22T10:58:26.524Z"}
{"level":"error","timestamp":"2023-02-22T10:58:26.525Z"}
{"level":"error","message":{"error":{}},"timestamp":"2023-02-22T10:59:09.295Z"}
{"level":"error","timestamp":"2023-02-22T10:59:09.295Z"}
{"level":"error","message":{"error":{}},"timestamp":"2023-02-22T11:00:27.812Z"}
{"error":"TypeError: Assignment to constant variable.\n    at login (/Users/jgelbwaser/Documents/javi/ACADEMIA/webdevelopment/ITC/ITC_Course/assgnemets/HW6-Pet-adoption/pat-addoption-jgelbwaser/server/controllers/UserController.js:59:14)\n    at Layer.handle [as handle_request] (/Users/jgelbwaser/Documents/javi/ACADEMIA/webdevelopment/ITC/ITC_Course/assgnemets/HW6-Pet-adoption/pat-addoption-jgelbwaser/server/node_modules/express/lib/router/layer.js:95:5)\n    at next (/Users/jgelbwaser/Documents/javi/ACADEMIA/webdevelopment/ITC/ITC_Course/assgnemets/HW6-Pet-adoption/pat-addoption-jgelbwaser/server/node_modules/express/lib/router/route.js:144:13)\n    at Route.dispatch (/Users/jgelbwaser/Documents/javi/ACADEMIA/webdevelopment/ITC/ITC_Course/assgnemets/HW6-Pet-adoption/pat-addoption-jgelbwaser/server/node_modules/express/lib/router/route.js:114:3)\n    at Layer.handle [as handle_request] (/Users/jgelbwaser/Documents/javi/ACADEMIA/webdevelopment/ITC/ITC_Course/assgnemets/HW6-Pet-adoption/pat-addoption-jgelbwaser/server/node_modules/express/lib/router/layer.js:95:5)\n    at /Users/jgelbwaser/Documents/javi/ACADEMIA/webdevelopment/ITC/ITC_Course/assgnemets/HW6-Pet-adoption/pat-addoption-jgelbwaser/server/node_modules/express/lib/router/index.js:284:15\n    at Function.process_params (/Users/jgelbwaser/Documents/javi/ACADEMIA/webdevelopment/ITC/ITC_Course/assgnemets/HW6-Pet-adoption/pat-addoption-jgelbwaser/server/node_modules/express/lib/router/index.js:346:12)\n    at next (/Users/jgelbwaser/Documents/javi/ACADEMIA/webdevelopment/ITC/ITC_Course/assgnemets/HW6-Pet-adoption/pat-addoption-jgelbwaser/server/node_modules/express/lib/router/index.js:280:10)\n    at logger (/Users/jgelbwaser/Documents/javi/ACADEMIA/webdevelopment/ITC/ITC_Course/assgnemets/HW6-Pet-adoption/pat-addoption-jgelbwaser/server/node_modules/morgan/index.js:144:5)\n    at Layer.handle [as handle_request] (/Users/jgelbwaser/Documents/javi/ACADEMIA/webdevelopment/ITC/ITC_Course/assgnemets/HW6-Pet-adoption/pat-addoption-jgelbwaser/server/node_modules/express/lib/router/layer.js:95:5)","level":"error","message":"Assignment to constant variable.","timestamp":"2023-02-22T11:00:27.813Z"}
{"level":"error","message":{"error":{}},"timestamp":"2023-02-22T11:01:49.752Z"}
{"error":"TypeError: Assignment to constant variable.\n    at login (/Users/jgelbwaser/Documents/javi/ACADEMIA/webdevelopment/ITC/ITC_Course/assgnemets/HW6-Pet-adoption/pat-addoption-jgelbwaser/server/controllers/UserController.js:59:14)\n    at Layer.handle [as handle_request] (/Users/jgelbwaser/Documents/javi/ACADEMIA/webdevelopment/ITC/ITC_Course/assgnemets/HW6-Pet-adoption/pat-addoption-jgelbwaser/server/node_modules/express/lib/router/layer.js:95:5)\n    at next (/Users/jgelbwaser/Documents/javi/ACADEMIA/webdevelopment/ITC/ITC_Course/assgnemets/HW6-Pet-adoption/pat-addoption-jgelbwaser/server/node_modules/express/lib/router/route.js:144:13)\n    at Route.dispatch (/Users/jgelbwaser/Documents/javi/ACADEMIA/webdevelopment/ITC/ITC_Course/assgnemets/HW6-Pet-adoption/pat-addoption-jgelbwaser/server/node_modules/express/lib/router/route.js:114:3)\n    at Layer.handle [as handle_request] (/Users/jgelbwaser/Documents/javi/ACADEMIA/webdevelopment/ITC/ITC_Course/assgnemets/HW6-Pet-adoption/pat-addoption-jgelbwaser/server/node_modules/express/lib/router/layer.js:95:5)\n    at /Users/jgelbwaser/Documents/javi/ACADEMIA/webdevelopment/ITC/ITC_Course/assgnemets/HW6-Pet-adoption/pat-addoption-jgelbwaser/server/node_modules/express/lib/router/index.js:284:15\n    at Function.process_params (/Users/jgelbwaser/Documents/javi/ACADEMIA/webdevelopment/ITC/ITC_Course/assgnemets/HW6-Pet-adoption/pat-addoption-jgelbwaser/server/node_modules/express/lib/router/index.js:346:12)\n    at next (/Users/jgelbwaser/Documents/javi/ACADEMIA/webdevelopment/ITC/ITC_Course/assgnemets/HW6-Pet-adoption/pat-addoption-jgelbwaser/server/node_modules/express/lib/router/index.js:280:10)\n    at logger (/Users/jgelbwaser/Documents/javi/ACADEMIA/webdevelopment/ITC/ITC_Course/assgnemets/HW6-Pet-adoption/pat-addoption-jgelbwaser/server/node_modules/morgan/index.js:144:5)\n    at Layer.handle [as handle_request] (/Users/jgelbwaser/Documents/javi/ACADEMIA/webdevelopment/ITC/ITC_Course/assgnemets/HW6-Pet-adoption/pat-addoption-jgelbwaser/server/node_modules/express/lib/router/layer.js:95:5)","level":"error","message":"Assignment to constant variable.","timestamp":"2023-02-22T11:01:49.753Z"}
{"level":"error","message":"Assignment to constant variable.","timestamp":"2023-02-22T11:05:04.995Z"}
{"level":"error","message":{"error":"TypeError: Assignment to constant variable.\n    at login (/Users/jgelbwaser/Documents/javi/ACADEMIA/webdevelopment/ITC/ITC_Course/assgnemets/HW6-Pet-adoption/pat-addoption-jgelbwaser/server/controllers/UserController.js:59:14)\n    at Layer.handle [as handle_request] (/Users/jgelbwaser/Documents/javi/ACADEMIA/webdevelopment/ITC/ITC_Course/assgnemets/HW6-Pet-adoption/pat-addoption-jgelbwaser/server/node_modules/express/lib/router/layer.js:95:5)\n    at next (/Users/jgelbwaser/Documents/javi/ACADEMIA/webdevelopment/ITC/ITC_Course/assgnemets/HW6-Pet-adoption/pat-addoption-jgelbwaser/server/node_modules/express/lib/router/route.js:144:13)\n    at Route.dispatch (/Users/jgelbwaser/Documents/javi/ACADEMIA/webdevelopment/ITC/ITC_Course/assgnemets/HW6-Pet-adoption/pat-addoption-jgelbwaser/server/node_modules/express/lib/router/route.js:114:3)\n    at Layer.handle [as handle_request] (/Users/jgelbwaser/Documents/javi/ACADEMIA/webdevelopment/ITC/ITC_Course/assgnemets/HW6-Pet-adoption/pat-addoption-jgelbwaser/server/node_modules/express/lib/router/layer.js:95:5)\n    at /Users/jgelbwaser/Documents/javi/ACADEMIA/webdevelopment/ITC/ITC_Course/assgnemets/HW6-Pet-adoption/pat-addoption-jgelbwaser/server/node_modules/express/lib/router/index.js:284:15\n    at Function.process_params (/Users/jgelbwaser/Documents/javi/ACADEMIA/webdevelopment/ITC/ITC_Course/assgnemets/HW6-Pet-adoption/pat-addoption-jgelbwaser/server/node_modules/express/lib/router/index.js:346:12)\n    at next (/Users/jgelbwaser/Documents/javi/ACADEMIA/webdevelopment/ITC/ITC_Course/assgnemets/HW6-Pet-adoption/pat-addoption-jgelbwaser/server/node_modules/express/lib/router/index.js:280:10)\n    at logger (/Users/jgelbwaser/Documents/javi/ACADEMIA/webdevelopment/ITC/ITC_Course/assgnemets/HW6-Pet-adoption/pat-addoption-jgelbwaser/server/node_modules/morgan/index.js:144:5)\n    at Layer.handle [as handle_request] (/Users/jgelbwaser/Documents/javi/ACADEMIA/webdevelopment/ITC/ITC_Course/assgnemets/HW6-Pet-adoption/pat-addoption-jgelbwaser/server/node_modules/express/lib/router/layer.js:95:5)"},"timestamp":"2023-02-22T11:05:04.995Z"}
{"level":"error","message":"Assignment to constant variable.","timestamp":"2023-02-22T11:07:22.762Z"}
{"level":"error","message":{"error":"TypeError: Assignment to constant variable.\n    at login (/Users/jgelbwaser/Documents/javi/ACADEMIA/webdevelopment/ITC/ITC_Course/assgnemets/HW6-Pet-adoption/pat-addoption-jgelbwaser/server/controllers/UserController.js:59:14)\n    at Layer.handle [as handle_request] (/Users/jgelbwaser/Documents/javi/ACADEMIA/webdevelopment/ITC/ITC_Course/assgnemets/HW6-Pet-adoption/pat-addoption-jgelbwaser/server/node_modules/express/lib/router/layer.js:95:5)\n    at next (/Users/jgelbwaser/Documents/javi/ACADEMIA/webdevelopment/ITC/ITC_Course/assgnemets/HW6-Pet-adoption/pat-addoption-jgelbwaser/server/node_modules/express/lib/router/route.js:144:13)\n    at Route.dispatch (/Users/jgelbwaser/Documents/javi/ACADEMIA/webdevelopment/ITC/ITC_Course/assgnemets/HW6-Pet-adoption/pat-addoption-jgelbwaser/server/node_modules/express/lib/router/route.js:114:3)\n    at Layer.handle [as handle_request] (/Users/jgelbwaser/Documents/javi/ACADEMIA/webdevelopment/ITC/ITC_Course/assgnemets/HW6-Pet-adoption/pat-addoption-jgelbwaser/server/node_modules/express/lib/router/layer.js:95:5)\n    at /Users/jgelbwaser/Documents/javi/ACADEMIA/webdevelopment/ITC/ITC_Course/assgnemets/HW6-Pet-adoption/pat-addoption-jgelbwaser/server/node_modules/express/lib/router/index.js:284:15\n    at Function.process_params (/Users/jgelbwaser/Documents/javi/ACADEMIA/webdevelopment/ITC/ITC_Course/assgnemets/HW6-Pet-adoption/pat-addoption-jgelbwaser/server/node_modules/express/lib/router/index.js:346:12)\n    at next (/Users/jgelbwaser/Documents/javi/ACADEMIA/webdevelopment/ITC/ITC_Course/assgnemets/HW6-Pet-adoption/pat-addoption-jgelbwaser/server/node_modules/express/lib/router/index.js:280:10)\n    at logger (/Users/jgelbwaser/Documents/javi/ACADEMIA/webdevelopment/ITC/ITC_Course/assgnemets/HW6-Pet-adoption/pat-addoption-jgelbwaser/server/node_modules/morgan/index.js:144:5)\n    at Layer.handle [as handle_request] (/Users/jgelbwaser/Documents/javi/ACADEMIA/webdevelopment/ITC/ITC_Course/assgnemets/HW6-Pet-adoption/pat-addoption-jgelbwaser/server/node_modules/express/lib/router/layer.js:95:5)"},"timestamp":"2023-02-22T11:07:22.762Z"}
{"level":"error","message":"Assignment to constant variable.","timestamp":"2023-02-22T11:19:30.911Z"}
{"level":"error","message":{"error":"TypeError: Assignment to constant variable.\n    at login (/Users/jgelbwaser/Documents/javi/ACADEMIA/webdevelopment/ITC/ITC_Course/assgnemets/HW6-Pet-adoption/pat-addoption-jgelbwaser/server/controllers/UserController.js:59:14)\n    at Layer.handle [as handle_request] (/Users/jgelbwaser/Documents/javi/ACADEMIA/webdevelopment/ITC/ITC_Course/assgnemets/HW6-Pet-adoption/pat-addoption-jgelbwaser/server/node_modules/express/lib/router/layer.js:95:5)\n    at next (/Users/jgelbwaser/Documents/javi/ACADEMIA/webdevelopment/ITC/ITC_Course/assgnemets/HW6-Pet-adoption/pat-addoption-jgelbwaser/server/node_modules/express/lib/router/route.js:144:13)\n    at Route.dispatch (/Users/jgelbwaser/Documents/javi/ACADEMIA/webdevelopment/ITC/ITC_Course/assgnemets/HW6-Pet-adoption/pat-addoption-jgelbwaser/server/node_modules/express/lib/router/route.js:114:3)\n    at Layer.handle [as handle_request] (/Users/jgelbwaser/Documents/javi/ACADEMIA/webdevelopment/ITC/ITC_Course/assgnemets/HW6-Pet-adoption/pat-addoption-jgelbwaser/server/node_modules/express/lib/router/layer.js:95:5)\n    at /Users/jgelbwaser/Documents/javi/ACADEMIA/webdevelopment/ITC/ITC_Course/assgnemets/HW6-Pet-adoption/pat-addoption-jgelbwaser/server/node_modules/express/lib/router/index.js:284:15\n    at Function.process_params (/Users/jgelbwaser/Documents/javi/ACADEMIA/webdevelopment/ITC/ITC_Course/assgnemets/HW6-Pet-adoption/pat-addoption-jgelbwaser/server/node_modules/express/lib/router/index.js:346:12)\n    at next (/Users/jgelbwaser/Documents/javi/ACADEMIA/webdevelopment/ITC/ITC_Course/assgnemets/HW6-Pet-adoption/pat-addoption-jgelbwaser/server/node_modules/express/lib/router/index.js:280:10)\n    at logger (/Users/jgelbwaser/Documents/javi/ACADEMIA/webdevelopment/ITC/ITC_Course/assgnemets/HW6-Pet-adoption/pat-addoption-jgelbwaser/server/node_modules/morgan/index.js:144:5)\n    at Layer.handle [as handle_request] (/Users/jgelbwaser/Documents/javi/ACADEMIA/webdevelopment/ITC/ITC_Course/assgnemets/HW6-Pet-adoption/pat-addoption-jgelbwaser/server/node_modules/express/lib/router/layer.js:95:5)"},"timestamp":"2023-02-22T11:19:30.912Z"}
{"level":"error","message":{"error":"TypeError: Assignment to constant variable.\n    at login (/Users/jgelbwaser/Documents/javi/ACADEMIA/webdevelopment/ITC/ITC_Course/assgnemets/HW6-Pet-adoption/pat-addoption-jgelbwaser/server/controllers/UserController.js:58:14)\n    at Layer.handle [as handle_request] (/Users/jgelbwaser/Documents/javi/ACADEMIA/webdevelopment/ITC/ITC_Course/assgnemets/HW6-Pet-adoption/pat-addoption-jgelbwaser/server/node_modules/express/lib/router/layer.js:95:5)\n    at next (/Users/jgelbwaser/Documents/javi/ACADEMIA/webdevelopment/ITC/ITC_Course/assgnemets/HW6-Pet-adoption/pat-addoption-jgelbwaser/server/node_modules/express/lib/router/route.js:144:13)\n    at Route.dispatch (/Users/jgelbwaser/Documents/javi/ACADEMIA/webdevelopment/ITC/ITC_Course/assgnemets/HW6-Pet-adoption/pat-addoption-jgelbwaser/server/node_modules/express/lib/router/route.js:114:3)\n    at Layer.handle [as handle_request] (/Users/jgelbwaser/Documents/javi/ACADEMIA/webdevelopment/ITC/ITC_Course/assgnemets/HW6-Pet-adoption/pat-addoption-jgelbwaser/server/node_modules/express/lib/router/layer.js:95:5)\n    at /Users/jgelbwaser/Documents/javi/ACADEMIA/webdevelopment/ITC/ITC_Course/assgnemets/HW6-Pet-adoption/pat-addoption-jgelbwaser/server/node_modules/express/lib/router/index.js:284:15\n    at Function.process_params (/Users/jgelbwaser/Documents/javi/ACADEMIA/webdevelopment/ITC/ITC_Course/assgnemets/HW6-Pet-adoption/pat-addoption-jgelbwaser/server/node_modules/express/lib/router/index.js:346:12)\n    at next (/Users/jgelbwaser/Documents/javi/ACADEMIA/webdevelopment/ITC/ITC_Course/assgnemets/HW6-Pet-adoption/pat-addoption-jgelbwaser/server/node_modules/express/lib/router/index.js:280:10)\n    at logger (/Users/jgelbwaser/Documents/javi/ACADEMIA/webdevelopment/ITC/ITC_Course/assgnemets/HW6-Pet-adoption/pat-addoption-jgelbwaser/server/node_modules/morgan/index.js:144:5)\n    at Layer.handle [as handle_request] (/Users/jgelbwaser/Documents/javi/ACADEMIA/webdevelopment/ITC/ITC_Course/assgnemets/HW6-Pet-adoption/pat-addoption-jgelbwaser/server/node_modules/express/lib/router/layer.js:95:5)"},"timestamp":"2023-02-22T11:41:29.341Z"}
{"level":"error","message":{"error":"TypeError: Assignment to constant variable.\n    at login (/Users/jgelbwaser/Documents/javi/ACADEMIA/webdevelopment/ITC/ITC_Course/assgnemets/HW6-Pet-adoption/pat-addoption-jgelbwaser/server/controllers/UserController.js:58:14)\n    at Layer.handle [as handle_request] (/Users/jgelbwaser/Documents/javi/ACADEMIA/webdevelopment/ITC/ITC_Course/assgnemets/HW6-Pet-adoption/pat-addoption-jgelbwaser/server/node_modules/express/lib/router/layer.js:95:5)\n    at next (/Users/jgelbwaser/Documents/javi/ACADEMIA/webdevelopment/ITC/ITC_Course/assgnemets/HW6-Pet-adoption/pat-addoption-jgelbwaser/server/node_modules/express/lib/router/route.js:144:13)\n    at Route.dispatch (/Users/jgelbwaser/Documents/javi/ACADEMIA/webdevelopment/ITC/ITC_Course/assgnemets/HW6-Pet-adoption/pat-addoption-jgelbwaser/server/node_modules/express/lib/router/route.js:114:3)\n    at Layer.handle [as handle_request] (/Users/jgelbwaser/Documents/javi/ACADEMIA/webdevelopment/ITC/ITC_Course/assgnemets/HW6-Pet-adoption/pat-addoption-jgelbwaser/server/node_modules/express/lib/router/layer.js:95:5)\n    at /Users/jgelbwaser/Documents/javi/ACADEMIA/webdevelopment/ITC/ITC_Course/assgnemets/HW6-Pet-adoption/pat-addoption-jgelbwaser/server/node_modules/express/lib/router/index.js:284:15\n    at Function.process_params (/Users/jgelbwaser/Documents/javi/ACADEMIA/webdevelopment/ITC/ITC_Course/assgnemets/HW6-Pet-adoption/pat-addoption-jgelbwaser/server/node_modules/express/lib/router/index.js:346:12)\n    at next (/Users/jgelbwaser/Documents/javi/ACADEMIA/webdevelopment/ITC/ITC_Course/assgnemets/HW6-Pet-adoption/pat-addoption-jgelbwaser/server/node_modules/express/lib/router/index.js:280:10)\n    at logger (/Users/jgelbwaser/Documents/javi/ACADEMIA/webdevelopment/ITC/ITC_Course/assgnemets/HW6-Pet-adoption/pat-addoption-jgelbwaser/server/node_modules/morgan/index.js:144:5)\n    at Layer.handle [as handle_request] (/Users/jgelbwaser/Documents/javi/ACADEMIA/webdevelopment/ITC/ITC_Course/assgnemets/HW6-Pet-adoption/pat-addoption-jgelbwaser/server/node_modules/express/lib/router/layer.js:95:5)"},"timestamp":"2023-02-22T11:44:49.180Z"}
